2022-05-22 00:50:48 WARNING <WSGIRequest: GET '/static/styles/style.css'> 404 14368 6172 Not Found: /static/styles/style.css
2022-05-22 00:51:15 WARNING <WSGIRequest: GET '/static/styles/style.css'> 404 14368 6172 Not Found: /static/styles/style.css
2022-05-22 00:52:34 WARNING <WSGIRequest: GET '/static/scripts/jquery.min.js'> 404 14368 6172 Not Found: /static/scripts/jquery.min.js
2022-05-22 00:52:34 WARNING <WSGIRequest: GET '/static/styles/style.css'> 404 14368 7164 Not Found: /static/styles/style.css
2022-05-22 00:52:34 WARNING <WSGIRequest: GET '/static/scripts/base.js'> 404 14368 17456 Not Found: /static/scripts/base.js
2022-05-22 00:52:34 WARNING <WSGIRequest: GET '/static/images/search.png'> 404 14368 7164 Not Found: /static/images/search.png
2022-05-22 00:52:34 WARNING <WSGIRequest: GET '/static/styles/style.css'> 404 14368 17456 Not Found: /static/styles/style.css
2022-05-22 00:52:34 WARNING <WSGIRequest: GET '/static/images/favicon.ico'> 404 14368 17456 Not Found: /static/images/favicon.ico
2022-05-22 00:52:37 WARNING <WSGIRequest: GET '/static/scripts/jquery.min.js'> 404 15096 14736 Not Found: /static/scripts/jquery.min.js
2022-05-22 00:52:37 WARNING <WSGIRequest: GET '/static/styles/style.css'> 404 15096 4068 Not Found: /static/styles/style.css
2022-05-22 00:52:37 WARNING <WSGIRequest: GET '/static/scripts/base.js'> 404 15096 17160 Not Found: /static/scripts/base.js
2022-05-22 00:52:38 WARNING <WSGIRequest: GET '/static/styles/style.css'> 404 15096 17160 Not Found: /static/styles/style.css
2022-05-22 00:52:38 WARNING <WSGIRequest: GET '/static/images/search.png'> 404 15096 4068 Not Found: /static/images/search.png
2022-05-22 00:54:34 WARNING <WSGIRequest: GET '/static/scripts/jquery.min.js'> 404 7276 8096 Not Found: /static/scripts/jquery.min.js
2022-05-22 00:54:34 WARNING <WSGIRequest: GET '/static/styles/style.css'> 404 7276 17080 Not Found: /static/styles/style.css
2022-05-22 00:54:34 WARNING <WSGIRequest: GET '/static/scripts/base.js'> 404 7276 8096 Not Found: /static/scripts/base.js
2022-05-22 00:54:34 WARNING <WSGIRequest: GET '/static/images/search.png'> 404 7276 17080 Not Found: /static/images/search.png
2022-05-22 00:54:34 WARNING <WSGIRequest: GET '/static/styles/style.css'> 404 7276 8096 Not Found: /static/styles/style.css
2022-05-22 00:54:34 WARNING <WSGIRequest: GET '/static/images/favicon.ico'> 404 7276 8096 Not Found: /static/images/favicon.ico
2022-05-22 00:57:08 WARNING <WSGIRequest: GET '/static/scripts/base.js'> 404 14788 3016 Not Found: /static/scripts/base.js
2022-05-22 00:57:08 WARNING <WSGIRequest: GET '/static/styles/style.css'> 404 14788 17536 Not Found: /static/styles/style.css
2022-05-22 00:57:08 WARNING <WSGIRequest: GET '/static/scripts/jquery.min.js'> 404 14788 13172 Not Found: /static/scripts/jquery.min.js
2022-05-22 00:57:08 WARNING <WSGIRequest: GET '/static/images/search.png'> 404 14788 17536 Not Found: /static/images/search.png
2022-05-22 00:57:08 WARNING <WSGIRequest: GET '/static/styles/style.css'> 404 14788 13172 Not Found: /static/styles/style.css
2022-05-22 00:58:05 WARNING <WSGIRequest: GET '/static/scripts/jquery.min.js'> 404 14788 13172 Not Found: /static/scripts/jquery.min.js
2022-05-22 00:58:05 WARNING <WSGIRequest: GET '/static/styles/style.css'> 404 14788 3016 Not Found: /static/styles/style.css
2022-05-22 00:58:05 WARNING <WSGIRequest: GET '/static/scripts/base.js'> 404 14788 17536 Not Found: /static/scripts/base.js
2022-05-22 00:58:05 WARNING <WSGIRequest: GET '/static/images/search.png'> 404 14788 3016 Not Found: /static/images/search.png
2022-05-22 00:58:05 WARNING <WSGIRequest: GET '/static/styles/style.css'> 404 14788 17536 Not Found: /static/styles/style.css
2022-05-22 00:58:05 WARNING <WSGIRequest: GET '/static/images/favicon.ico'> 404 14788 17536 Not Found: /static/images/favicon.ico
2022-05-22 00:58:06 WARNING <WSGIRequest: GET '/static/scripts/jquery.min.js'> 404 14788 17536 Not Found: /static/scripts/jquery.min.js
2022-05-22 00:58:06 WARNING <WSGIRequest: GET '/static/scripts/base.js'> 404 14788 3016 Not Found: /static/scripts/base.js
2022-05-22 00:58:06 WARNING <WSGIRequest: GET '/static/styles/style.css'> 404 14788 13172 Not Found: /static/styles/style.css
2022-05-22 00:58:06 WARNING <WSGIRequest: GET '/static/images/search.png'> 404 14788 3016 Not Found: /static/images/search.png
2022-05-22 00:58:06 WARNING <WSGIRequest: GET '/static/images/favicon.ico'> 404 14788 3016 Not Found: /static/images/favicon.ico
2022-05-22 00:58:06 WARNING <WSGIRequest: GET '/static/scripts/base.js'> 404 14788 13172 Not Found: /static/scripts/base.js
2022-05-22 00:58:06 WARNING <WSGIRequest: GET '/static/scripts/jquery.min.js'> 404 14788 3016 Not Found: /static/scripts/jquery.min.js
2022-05-22 00:58:06 WARNING <WSGIRequest: GET '/static/styles/style.css'> 404 14788 17536 Not Found: /static/styles/style.css
2022-05-22 00:58:06 WARNING <WSGIRequest: GET '/static/images/search.png'> 404 14788 3016 Not Found: /static/images/search.png
2022-05-22 00:58:06 WARNING <WSGIRequest: GET '/static/images/favicon.ico'> 404 14788 3016 Not Found: /static/images/favicon.ico
2022-05-22 00:58:06 WARNING <WSGIRequest: GET '/static/scripts/base.js'> 404 14788 17536 Not Found: /static/scripts/base.js
2022-05-22 00:58:06 WARNING <WSGIRequest: GET '/static/styles/style.css'> 404 14788 13172 Not Found: /static/styles/style.css
2022-05-22 00:58:06 WARNING <WSGIRequest: GET '/static/scripts/jquery.min.js'> 404 14788 3016 Not Found: /static/scripts/jquery.min.js
2022-05-22 00:58:06 WARNING <WSGIRequest: GET '/static/images/search.png'> 404 14788 13172 Not Found: /static/images/search.png
2022-05-22 00:58:06 WARNING <WSGIRequest: GET '/static/styles/style.css'> 404 14788 3016 Not Found: /static/styles/style.css
2022-05-22 00:58:06 WARNING <WSGIRequest: GET '/static/images/favicon.ico'> 404 14788 3016 Not Found: /static/images/favicon.ico
2022-05-22 00:58:06 WARNING <WSGIRequest: GET '/static/styles/style.css'> 404 14788 17536 Not Found: /static/styles/style.css
2022-05-22 00:58:06 WARNING <WSGIRequest: GET '/static/scripts/base.js'> 404 14788 3016 Not Found: /static/scripts/base.js
2022-05-22 00:58:06 WARNING <WSGIRequest: GET '/static/scripts/jquery.min.js'> 404 14788 13172 Not Found: /static/scripts/jquery.min.js
2022-05-22 00:58:06 WARNING <WSGIRequest: GET '/static/images/search.png'> 404 14788 3016 Not Found: /static/images/search.png
2022-05-22 00:58:06 WARNING <WSGIRequest: GET '/static/styles/style.css'> 404 14788 13172 Not Found: /static/styles/style.css
2022-05-22 00:58:06 WARNING <WSGIRequest: GET '/static/scripts/jquery.min.js'> 404 14788 17536 Not Found: /static/scripts/jquery.min.js
2022-05-22 00:58:07 WARNING <WSGIRequest: GET '/static/scripts/base.js'> 404 14788 13172 Not Found: /static/scripts/base.js
2022-05-22 00:58:07 WARNING <WSGIRequest: GET '/static/styles/style.css'> 404 14788 3016 Not Found: /static/styles/style.css
2022-05-22 00:58:07 WARNING <WSGIRequest: GET '/static/images/search.png'> 404 14788 13172 Not Found: /static/images/search.png
2022-05-22 00:58:07 WARNING <WSGIRequest: GET '/static/images/favicon.ico'> 404 14788 13172 Not Found: /static/images/favicon.ico
2022-05-22 00:58:07 WARNING <WSGIRequest: GET '/static/styles/style.css'> 404 14788 17536 Not Found: /static/styles/style.css
2022-05-22 00:58:07 WARNING <WSGIRequest: GET '/static/scripts/jquery.min.js'> 404 14788 3016 Not Found: /static/scripts/jquery.min.js
2022-05-22 00:58:07 WARNING <WSGIRequest: GET '/static/scripts/base.js'> 404 14788 13172 Not Found: /static/scripts/base.js
2022-05-22 00:58:07 WARNING <WSGIRequest: GET '/static/images/search.png'> 404 14788 3016 Not Found: /static/images/search.png
2022-05-22 00:58:07 WARNING <WSGIRequest: GET '/static/styles/style.css'> 404 14788 13172 Not Found: /static/styles/style.css
2022-05-22 00:58:09 WARNING <WSGIRequest: GET '/static/styles/style.css'> 404 14788 13172 Not Found: /static/styles/style.css
2022-05-22 01:00:39 WARNING <WSGIRequest: GET '/static/styles/style.css'> 404 17848 17320 Not Found: /static/styles/style.css
2022-05-22 01:00:39 WARNING <WSGIRequest: GET '/static/admin/js/vendor/jquery/jquery.min.js'> 404 17848 14536 Not Found: /static/admin/js/vendor/jquery/jquery.min.js
2022-05-22 01:00:39 WARNING <WSGIRequest: GET '/static/admin/css/changelists.css'> 404 17848 14188 Not Found: /static/admin/css/changelists.css
2022-05-22 01:00:39 WARNING <WSGIRequest: GET '/static/admin/css/nav_sidebar.css'> 404 17848 9084 Not Found: /static/admin/css/nav_sidebar.css
2022-05-22 01:00:39 WARNING <WSGIRequest: GET '/static/admin/css/base.css'> 404 17848 12688 Not Found: /static/admin/css/base.css
2022-05-22 01:00:39 WARNING <WSGIRequest: GET '/static/admin/js/jquery.init.js'> 404 17848 17320 Not Found: /static/admin/js/jquery.init.js
2022-05-22 01:00:39 WARNING <WSGIRequest: GET '/static/admin/css/responsive.css'> 404 17848 9196 Not Found: /static/admin/css/responsive.css
2022-05-22 01:00:39 WARNING <WSGIRequest: GET '/static/admin/js/core.js'> 404 17848 14536 Not Found: /static/admin/js/core.js
2022-05-22 01:00:39 WARNING <WSGIRequest: GET '/static/admin/js/admin/RelatedObjectLookups.js'> 404 17848 14188 Not Found: /static/admin/js/admin/RelatedObjectLookups.js
2022-05-22 01:00:39 WARNING <WSGIRequest: GET '/static/admin/js/actions.js'> 404 17848 9084 Not Found: /static/admin/js/actions.js
2022-05-22 01:00:39 WARNING <WSGIRequest: GET '/static/admin/js/urlify.js'> 404 17848 12688 Not Found: /static/admin/js/urlify.js
2022-05-22 01:00:39 WARNING <WSGIRequest: GET '/static/admin/js/vendor/xregexp/xregexp.min.js'> 404 17848 9196 Not Found: /static/admin/js/vendor/xregexp/xregexp.min.js
2022-05-22 01:00:40 WARNING <WSGIRequest: GET '/static/admin/js/prepopulate.js'> 404 17848 17320 Not Found: /static/admin/js/prepopulate.js
2022-05-22 01:00:40 WARNING <WSGIRequest: GET '/static/scripts/jquery.min.js'> 404 17848 14536 Not Found: /static/scripts/jquery.min.js
2022-05-22 01:00:40 WARNING <WSGIRequest: GET '/static/scripts/base.js'> 404 17848 14188 Not Found: /static/scripts/base.js
2022-05-22 01:00:40 WARNING <WSGIRequest: GET '/static/admin/js/nav_sidebar.js'> 404 17848 9196 Not Found: /static/admin/js/nav_sidebar.js
2022-05-22 01:00:40 WARNING <WSGIRequest: GET '/static/admin/img/search.svg'> 404 17848 9084 Not Found: /static/admin/img/search.svg
2022-05-22 01:00:40 WARNING <WSGIRequest: GET '/static/admin/img/icon-no.svg'> 404 17848 14188 Not Found: /static/admin/img/icon-no.svg
2022-05-22 01:00:40 WARNING <WSGIRequest: GET '/static/images/search.png'> 404 17848 12688 Not Found: /static/images/search.png
2022-05-22 01:00:40 WARNING <WSGIRequest: GET '/static/admin/img/icon-yes.svg'> 404 17848 14536 Not Found: /static/admin/img/icon-yes.svg
2022-05-22 01:00:40 WARNING <WSGIRequest: GET '/static/admin/css/responsive.css'> 404 17848 17320 Not Found: /static/admin/css/responsive.css
2022-05-22 01:00:40 WARNING <WSGIRequest: GET '/static/styles/style.css'> 404 17848 17320 Not Found: /static/styles/style.css
2022-05-22 01:00:40 WARNING <WSGIRequest: GET '/favicon.ico'> 404 17848 17320 Not Found: /favicon.ico
2022-05-22 01:01:42 WARNING <WSGIRequest: GET '/static/admin/css/base.css'> 404 12208 14140 Not Found: /static/admin/css/base.css
2022-05-22 01:01:42 WARNING <WSGIRequest: GET '/static/admin/css/nav_sidebar.css'> 404 12208 17768 Not Found: /static/admin/css/nav_sidebar.css
2022-05-22 01:01:42 WARNING <WSGIRequest: GET '/static/admin/css/changelists.css'> 404 12208 11740 Not Found: /static/admin/css/changelists.css
2022-05-22 01:01:42 WARNING <WSGIRequest: GET '/static/styles/style.css'> 404 12208 3152 Not Found: /static/styles/style.css
2022-05-22 01:01:42 WARNING <WSGIRequest: GET '/static/admin/css/responsive.css'> 404 12208 15876 Not Found: /static/admin/css/responsive.css
2022-05-22 01:01:42 WARNING <WSGIRequest: GET '/static/admin/js/vendor/jquery/jquery.min.js'> 404 12208 14140 Not Found: /static/admin/js/vendor/jquery/jquery.min.js
2022-05-22 01:01:42 WARNING <WSGIRequest: GET '/static/admin/js/jquery.init.js'> 404 12208 17768 Not Found: /static/admin/js/jquery.init.js
2022-05-22 01:01:42 WARNING <WSGIRequest: GET '/static/admin/js/admin/RelatedObjectLookups.js'> 404 12208 3152 Not Found: /static/admin/js/admin/RelatedObjectLookups.js
2022-05-22 01:01:42 WARNING <WSGIRequest: GET '/static/admin/js/core.js'> 404 12208 11740 Not Found: /static/admin/js/core.js
2022-05-22 01:01:42 WARNING <WSGIRequest: GET '/static/admin/js/prepopulate.js'> 404 12208 17768 Not Found: /static/admin/js/prepopulate.js
2022-05-22 01:01:42 WARNING <WSGIRequest: GET '/static/admin/js/actions.js'> 404 12208 15876 Not Found: /static/admin/js/actions.js
2022-05-22 01:01:42 WARNING <WSGIRequest: GET '/static/admin/js/vendor/xregexp/xregexp.min.js'> 404 12208 13252 Not Found: /static/admin/js/vendor/xregexp/xregexp.min.js
2022-05-22 01:01:42 WARNING <WSGIRequest: GET '/static/admin/js/urlify.js'> 404 12208 14140 Not Found: /static/admin/js/urlify.js
2022-05-22 01:01:42 WARNING <WSGIRequest: GET '/static/scripts/jquery.min.js'> 404 12208 3152 Not Found: /static/scripts/jquery.min.js
2022-05-22 01:01:42 WARNING <WSGIRequest: GET '/static/scripts/base.js'> 404 12208 11740 Not Found: /static/scripts/base.js
2022-05-22 01:01:42 WARNING <WSGIRequest: GET '/static/admin/css/responsive.css'> 404 12208 14140 Not Found: /static/admin/css/responsive.css
2022-05-22 01:01:42 WARNING <WSGIRequest: GET '/static/admin/js/nav_sidebar.js'> 404 12208 13252 Not Found: /static/admin/js/nav_sidebar.js
2022-05-22 01:01:42 WARNING <WSGIRequest: GET '/static/images/search.png'> 404 12208 15876 Not Found: /static/images/search.png
2022-05-22 01:01:42 WARNING <WSGIRequest: GET '/static/admin/img/search.svg'> 404 12208 17768 Not Found: /static/admin/img/search.svg
2022-05-22 01:01:42 WARNING <WSGIRequest: GET '/static/admin/img/icon-yes.svg'> 404 12208 3152 Not Found: /static/admin/img/icon-yes.svg
2022-05-22 01:01:42 WARNING <WSGIRequest: GET '/static/admin/img/icon-no.svg'> 404 12208 11740 Not Found: /static/admin/img/icon-no.svg
2022-05-22 01:01:42 WARNING <WSGIRequest: GET '/static/styles/style.css'> 404 12208 14140 Not Found: /static/styles/style.css
2022-05-22 01:01:42 WARNING <WSGIRequest: GET '/favicon.ico'> 404 12208 14140 Not Found: /favicon.ico
2022-05-22 01:01:43 WARNING <WSGIRequest: GET '/static/admin/css/base.css'> 404 12208 14140 Not Found: /static/admin/css/base.css
2022-05-22 01:01:43 WARNING <WSGIRequest: GET '/static/admin/css/nav_sidebar.css'> 404 12208 11740 Not Found: /static/admin/css/nav_sidebar.css
2022-05-22 01:01:43 WARNING <WSGIRequest: GET '/static/admin/js/vendor/jquery/jquery.min.js'> 404 12208 13252 Not Found: /static/admin/js/vendor/jquery/jquery.min.js
2022-05-22 01:01:43 WARNING <WSGIRequest: GET '/static/styles/style.css'> 404 12208 3152 Not Found: /static/styles/style.css
2022-05-22 01:01:43 WARNING <WSGIRequest: GET '/static/admin/css/changelists.css'> 404 12208 17768 Not Found: /static/admin/css/changelists.css
2022-05-22 01:01:43 WARNING <WSGIRequest: GET '/static/admin/js/jquery.init.js'> 404 12208 15876 Not Found: /static/admin/js/jquery.init.js
2022-05-22 01:01:43 WARNING <WSGIRequest: GET '/static/admin/css/responsive.css'> 404 12208 14140 Not Found: /static/admin/css/responsive.css
2022-05-22 01:01:43 WARNING <WSGIRequest: GET '/static/admin/js/core.js'> 404 12208 11740 Not Found: /static/admin/js/core.js
2022-05-22 01:01:43 WARNING <WSGIRequest: GET '/static/admin/js/admin/RelatedObjectLookups.js'> 404 12208 13252 Not Found: /static/admin/js/admin/RelatedObjectLookups.js
2022-05-22 01:01:43 WARNING <WSGIRequest: GET '/static/admin/js/urlify.js'> 404 12208 17768 Not Found: /static/admin/js/urlify.js
2022-05-22 01:01:43 WARNING <WSGIRequest: GET '/static/admin/js/actions.js'> 404 12208 3152 Not Found: /static/admin/js/actions.js
2022-05-22 01:01:43 WARNING <WSGIRequest: GET '/static/admin/js/prepopulate.js'> 404 12208 15876 Not Found: /static/admin/js/prepopulate.js
2022-05-22 01:01:43 WARNING <WSGIRequest: GET '/static/admin/js/vendor/xregexp/xregexp.min.js'> 404 12208 14140 Not Found: /static/admin/js/vendor/xregexp/xregexp.min.js
2022-05-22 01:01:43 WARNING <WSGIRequest: GET '/static/scripts/jquery.min.js'> 404 12208 11740 Not Found: /static/scripts/jquery.min.js
2022-05-22 01:01:43 WARNING <WSGIRequest: GET '/static/scripts/base.js'> 404 12208 13252 Not Found: /static/scripts/base.js
2022-05-22 01:01:43 WARNING <WSGIRequest: GET '/static/admin/js/nav_sidebar.js'> 404 12208 15876 Not Found: /static/admin/js/nav_sidebar.js
2022-05-22 01:01:43 WARNING <WSGIRequest: GET '/static/admin/img/search.svg'> 404 12208 17768 Not Found: /static/admin/img/search.svg
2022-05-22 01:01:43 WARNING <WSGIRequest: GET '/static/admin/img/icon-yes.svg'> 404 12208 11740 Not Found: /static/admin/img/icon-yes.svg
2022-05-22 01:01:43 WARNING <WSGIRequest: GET '/static/admin/css/responsive.css'> 404 12208 14140 Not Found: /static/admin/css/responsive.css
2022-05-22 01:01:43 WARNING <WSGIRequest: GET '/static/admin/img/icon-no.svg'> 404 12208 13252 Not Found: /static/admin/img/icon-no.svg
2022-05-22 01:01:44 WARNING <WSGIRequest: GET '/static/images/search.png'> 404 12208 3152 Not Found: /static/images/search.png
2022-05-22 01:01:44 WARNING <WSGIRequest: GET '/static/styles/style.css'> 404 12208 14140 Not Found: /static/styles/style.css
2022-05-22 01:01:45 WARNING <WSGIRequest: GET '/static/admin/css/base.css'> 404 12208 14140 Not Found: /static/admin/css/base.css
2022-05-22 01:01:45 WARNING <WSGIRequest: GET '/static/admin/js/vendor/jquery/jquery.min.js'> 404 12208 15876 Not Found: /static/admin/js/vendor/jquery/jquery.min.js
2022-05-22 01:01:45 WARNING <WSGIRequest: GET '/static/admin/css/changelists.css'> 404 12208 11740 Not Found: /static/admin/css/changelists.css
2022-05-22 01:01:45 WARNING <WSGIRequest: GET '/static/admin/css/nav_sidebar.css'> 404 12208 3152 Not Found: /static/admin/css/nav_sidebar.css
2022-05-22 01:01:45 WARNING <WSGIRequest: GET '/static/styles/style.css'> 404 12208 13252 Not Found: /static/styles/style.css
2022-05-22 01:01:45 WARNING <WSGIRequest: GET '/static/admin/css/responsive.css'> 404 12208 14140 Not Found: /static/admin/css/responsive.css
2022-05-22 01:01:45 WARNING <WSGIRequest: GET '/static/admin/js/jquery.init.js'> 404 12208 15876 Not Found: /static/admin/js/jquery.init.js
2022-05-22 01:01:45 WARNING <WSGIRequest: GET '/static/admin/js/admin/RelatedObjectLookups.js'> 404 12208 11740 Not Found: /static/admin/js/admin/RelatedObjectLookups.js
2022-05-22 01:01:45 WARNING <WSGIRequest: GET '/static/admin/js/core.js'> 404 12208 17768 Not Found: /static/admin/js/core.js
2022-05-22 01:01:45 WARNING <WSGIRequest: GET '/static/admin/js/actions.js'> 404 12208 3152 Not Found: /static/admin/js/actions.js
2022-05-22 01:01:45 WARNING <WSGIRequest: GET '/static/admin/js/urlify.js'> 404 12208 13252 Not Found: /static/admin/js/urlify.js
2022-05-22 01:01:45 WARNING <WSGIRequest: GET '/static/admin/js/prepopulate.js'> 404 12208 14140 Not Found: /static/admin/js/prepopulate.js
2022-05-22 01:01:45 WARNING <WSGIRequest: GET '/static/admin/js/vendor/xregexp/xregexp.min.js'> 404 12208 15876 Not Found: /static/admin/js/vendor/xregexp/xregexp.min.js
2022-05-22 01:01:45 WARNING <WSGIRequest: GET '/static/scripts/jquery.min.js'> 404 12208 11740 Not Found: /static/scripts/jquery.min.js
2022-05-22 01:01:45 WARNING <WSGIRequest: GET '/static/scripts/base.js'> 404 12208 17768 Not Found: /static/scripts/base.js
2022-05-22 01:01:45 WARNING <WSGIRequest: GET '/static/admin/js/nav_sidebar.js'> 404 12208 14140 Not Found: /static/admin/js/nav_sidebar.js
2022-05-22 01:01:45 WARNING <WSGIRequest: GET '/static/admin/css/responsive.css'> 404 12208 15876 Not Found: /static/admin/css/responsive.css
2022-05-22 01:01:45 WARNING <WSGIRequest: GET '/static/images/search.png'> 404 12208 13252 Not Found: /static/images/search.png
2022-05-22 01:01:45 WARNING <WSGIRequest: GET '/static/admin/img/search.svg'> 404 12208 3152 Not Found: /static/admin/img/search.svg
2022-05-22 01:01:45 WARNING <WSGIRequest: GET '/static/admin/img/icon-yes.svg'> 404 12208 11740 Not Found: /static/admin/img/icon-yes.svg
2022-05-22 01:01:45 WARNING <WSGIRequest: GET '/static/admin/img/icon-no.svg'> 404 12208 17768 Not Found: /static/admin/img/icon-no.svg
2022-05-22 01:01:45 WARNING <WSGIRequest: GET '/static/styles/style.css'> 404 12208 15876 Not Found: /static/styles/style.css
2022-05-22 01:01:46 WARNING <WSGIRequest: GET '/static/admin/css/base.css'> 404 12208 15876 Not Found: /static/admin/css/base.css
2022-05-22 01:01:46 WARNING <WSGIRequest: GET '/static/admin/js/vendor/jquery/jquery.min.js'> 404 12208 14140 Not Found: /static/admin/js/vendor/jquery/jquery.min.js
2022-05-22 01:01:46 WARNING <WSGIRequest: GET '/static/admin/css/changelists.css'> 404 12208 3152 Not Found: /static/admin/css/changelists.css
2022-05-22 01:01:46 WARNING <WSGIRequest: GET '/static/admin/css/nav_sidebar.css'> 404 12208 17768 Not Found: /static/admin/css/nav_sidebar.css
2022-05-22 01:01:46 WARNING <WSGIRequest: GET '/static/styles/style.css'> 404 12208 11740 Not Found: /static/styles/style.css
2022-05-22 01:01:46 WARNING <WSGIRequest: GET '/static/admin/css/responsive.css'> 404 12208 15876 Not Found: /static/admin/css/responsive.css
2022-05-22 01:01:46 WARNING <WSGIRequest: GET '/static/admin/js/core.js'> 404 12208 14140 Not Found: /static/admin/js/core.js
2022-05-22 01:01:46 WARNING <WSGIRequest: GET '/static/admin/js/jquery.init.js'> 404 12208 13252 Not Found: /static/admin/js/jquery.init.js
2022-05-22 01:01:46 WARNING <WSGIRequest: GET '/static/admin/js/admin/RelatedObjectLookups.js'> 404 12208 3152 Not Found: /static/admin/js/admin/RelatedObjectLookups.js
2022-05-22 01:01:46 WARNING <WSGIRequest: GET '/static/admin/js/actions.js'> 404 12208 17768 Not Found: /static/admin/js/actions.js
2022-05-22 01:01:46 WARNING <WSGIRequest: GET '/static/admin/js/urlify.js'> 404 12208 11740 Not Found: /static/admin/js/urlify.js
2022-05-22 01:01:46 WARNING <WSGIRequest: GET '/static/admin/js/prepopulate.js'> 404 12208 15876 Not Found: /static/admin/js/prepopulate.js
2022-05-22 01:01:46 WARNING <WSGIRequest: GET '/static/admin/js/vendor/xregexp/xregexp.min.js'> 404 12208 14140 Not Found: /static/admin/js/vendor/xregexp/xregexp.min.js
2022-05-22 01:01:46 WARNING <WSGIRequest: GET '/static/scripts/jquery.min.js'> 404 12208 13252 Not Found: /static/scripts/jquery.min.js
2022-05-22 01:01:46 WARNING <WSGIRequest: GET '/static/scripts/base.js'> 404 12208 3152 Not Found: /static/scripts/base.js
2022-05-22 01:01:46 WARNING <WSGIRequest: GET '/static/admin/img/search.svg'> 404 12208 17768 Not Found: /static/admin/img/search.svg
2022-05-22 01:01:46 WARNING <WSGIRequest: GET '/static/admin/js/nav_sidebar.js'> 404 12208 15876 Not Found: /static/admin/js/nav_sidebar.js
2022-05-22 01:01:46 WARNING <WSGIRequest: GET '/static/images/search.png'> 404 12208 11740 Not Found: /static/images/search.png
2022-05-22 01:01:46 WARNING <WSGIRequest: GET '/static/admin/css/responsive.css'> 404 12208 14140 Not Found: /static/admin/css/responsive.css
2022-05-22 01:01:46 WARNING <WSGIRequest: GET '/static/admin/img/icon-yes.svg'> 404 12208 13252 Not Found: /static/admin/img/icon-yes.svg
2022-05-22 01:01:46 WARNING <WSGIRequest: GET '/static/admin/img/icon-no.svg'> 404 12208 3152 Not Found: /static/admin/img/icon-no.svg
2022-05-22 01:01:46 WARNING <WSGIRequest: GET '/static/styles/style.css'> 404 12208 14140 Not Found: /static/styles/style.css
2022-05-22 01:01:48 WARNING <WSGIRequest: GET '/static/styles/style.css'> 404 12208 13252 Not Found: /static/styles/style.css
2022-05-22 01:01:48 WARNING <WSGIRequest: GET '/static/admin/css/base.css'> 404 12208 14140 Not Found: /static/admin/css/base.css
2022-05-22 01:01:48 WARNING <WSGIRequest: GET '/static/admin/js/vendor/jquery/jquery.min.js'> 404 12208 17768 Not Found: /static/admin/js/vendor/jquery/jquery.min.js
2022-05-22 01:01:48 WARNING <WSGIRequest: GET '/static/admin/css/changelists.css'> 404 12208 11740 Not Found: /static/admin/css/changelists.css
2022-05-22 01:01:48 WARNING <WSGIRequest: GET '/static/admin/css/nav_sidebar.css'> 404 12208 3152 Not Found: /static/admin/css/nav_sidebar.css
2022-05-22 01:01:48 WARNING <WSGIRequest: GET '/static/admin/css/responsive.css'> 404 12208 15876 Not Found: /static/admin/css/responsive.css
2022-05-22 01:01:48 WARNING <WSGIRequest: GET '/static/admin/js/jquery.init.js'> 404 12208 13252 Not Found: /static/admin/js/jquery.init.js
2022-05-22 01:01:48 WARNING <WSGIRequest: GET '/static/admin/js/core.js'> 404 12208 14140 Not Found: /static/admin/js/core.js
2022-05-22 01:01:48 WARNING <WSGIRequest: GET '/static/admin/js/admin/RelatedObjectLookups.js'> 404 12208 17768 Not Found: /static/admin/js/admin/RelatedObjectLookups.js
2022-05-22 01:01:48 WARNING <WSGIRequest: GET '/static/admin/js/actions.js'> 404 12208 11740 Not Found: /static/admin/js/actions.js
2022-05-22 01:01:48 WARNING <WSGIRequest: GET '/static/admin/js/urlify.js'> 404 12208 3152 Not Found: /static/admin/js/urlify.js
2022-05-22 01:01:48 WARNING <WSGIRequest: GET '/static/admin/js/prepopulate.js'> 404 12208 15876 Not Found: /static/admin/js/prepopulate.js
2022-05-22 01:01:48 WARNING <WSGIRequest: GET '/static/admin/js/vendor/xregexp/xregexp.min.js'> 404 12208 13252 Not Found: /static/admin/js/vendor/xregexp/xregexp.min.js
2022-05-22 01:01:48 WARNING <WSGIRequest: GET '/static/scripts/jquery.min.js'> 404 12208 14140 Not Found: /static/scripts/jquery.min.js
2022-05-22 01:01:48 WARNING <WSGIRequest: GET '/static/scripts/base.js'> 404 12208 17768 Not Found: /static/scripts/base.js
2022-05-22 01:01:48 WARNING <WSGIRequest: GET '/static/images/search.png'> 404 12208 3152 Not Found: /static/images/search.png
2022-05-22 01:01:48 WARNING <WSGIRequest: GET '/static/admin/js/nav_sidebar.js'> 404 12208 15876 Not Found: /static/admin/js/nav_sidebar.js
2022-05-22 01:01:48 WARNING <WSGIRequest: GET '/static/admin/img/search.svg'> 404 12208 11740 Not Found: /static/admin/img/search.svg
2022-05-22 01:01:48 WARNING <WSGIRequest: GET '/static/admin/css/responsive.css'> 404 12208 13252 Not Found: /static/admin/css/responsive.css
2022-05-22 01:01:48 WARNING <WSGIRequest: GET '/static/admin/img/icon-yes.svg'> 404 12208 14140 Not Found: /static/admin/img/icon-yes.svg
2022-05-22 01:01:48 WARNING <WSGIRequest: GET '/static/admin/img/icon-no.svg'> 404 12208 17768 Not Found: /static/admin/img/icon-no.svg
2022-05-22 01:01:48 WARNING <WSGIRequest: GET '/static/styles/style.css'> 404 12208 13252 Not Found: /static/styles/style.css
2022-05-22 01:01:49 WARNING <WSGIRequest: GET '/static/admin/css/base.css'> 404 12208 13252 Not Found: /static/admin/css/base.css
2022-05-22 01:01:49 WARNING <WSGIRequest: GET '/static/styles/style.css'> 404 12208 14140 Not Found: /static/styles/style.css
2022-05-22 01:01:49 WARNING <WSGIRequest: GET '/static/admin/js/vendor/jquery/jquery.min.js'> 404 12208 3152 Not Found: /static/admin/js/vendor/jquery/jquery.min.js
2022-05-22 01:01:49 WARNING <WSGIRequest: GET '/static/admin/css/changelists.css'> 404 12208 11740 Not Found: /static/admin/css/changelists.css
2022-05-22 01:01:49 WARNING <WSGIRequest: GET '/static/admin/css/nav_sidebar.css'> 404 12208 17768 Not Found: /static/admin/css/nav_sidebar.css
2022-05-22 01:01:49 WARNING <WSGIRequest: GET '/static/admin/css/responsive.css'> 404 12208 15876 Not Found: /static/admin/css/responsive.css
2022-05-22 01:01:49 WARNING <WSGIRequest: GET '/static/admin/js/jquery.init.js'> 404 12208 13252 Not Found: /static/admin/js/jquery.init.js
2022-05-22 01:01:49 WARNING <WSGIRequest: GET '/static/admin/js/core.js'> 404 12208 14140 Not Found: /static/admin/js/core.js
2022-05-22 01:01:49 WARNING <WSGIRequest: GET '/static/admin/js/admin/RelatedObjectLookups.js'> 404 12208 3152 Not Found: /static/admin/js/admin/RelatedObjectLookups.js
2022-05-22 01:01:49 WARNING <WSGIRequest: GET '/static/admin/js/urlify.js'> 404 12208 17768 Not Found: /static/admin/js/urlify.js
2022-05-22 01:01:49 WARNING <WSGIRequest: GET '/static/admin/js/actions.js'> 404 12208 11740 Not Found: /static/admin/js/actions.js
2022-05-22 01:01:49 WARNING <WSGIRequest: GET '/static/admin/js/prepopulate.js'> 404 12208 15876 Not Found: /static/admin/js/prepopulate.js
2022-05-22 01:01:49 WARNING <WSGIRequest: GET '/static/admin/js/vendor/xregexp/xregexp.min.js'> 404 12208 13252 Not Found: /static/admin/js/vendor/xregexp/xregexp.min.js
2022-05-22 01:01:49 WARNING <WSGIRequest: GET '/static/scripts/jquery.min.js'> 404 12208 14140 Not Found: /static/scripts/jquery.min.js
2022-05-22 01:01:49 WARNING <WSGIRequest: GET '/static/scripts/base.js'> 404 12208 3152 Not Found: /static/scripts/base.js
2022-05-22 01:01:49 WARNING <WSGIRequest: GET '/static/admin/css/responsive.css'> 404 12208 13252 Not Found: /static/admin/css/responsive.css
2022-05-22 01:01:49 WARNING <WSGIRequest: GET '/static/images/search.png'> 404 12208 11740 Not Found: /static/images/search.png
2022-05-22 01:01:49 WARNING <WSGIRequest: GET '/static/admin/js/nav_sidebar.js'> 404 12208 15876 Not Found: /static/admin/js/nav_sidebar.js
2022-05-22 01:01:49 WARNING <WSGIRequest: GET '/static/admin/img/icon-yes.svg'> 404 12208 14140 Not Found: /static/admin/img/icon-yes.svg
2022-05-22 01:01:49 WARNING <WSGIRequest: GET '/static/admin/img/icon-no.svg'> 404 12208 3152 Not Found: /static/admin/img/icon-no.svg
2022-05-22 01:01:49 WARNING <WSGIRequest: GET '/static/admin/img/search.svg'> 404 12208 17768 Not Found: /static/admin/img/search.svg
2022-05-22 01:01:49 WARNING <WSGIRequest: GET '/static/styles/style.css'> 404 12208 13252 Not Found: /static/styles/style.css
2022-05-22 01:01:50 WARNING <WSGIRequest: GET '/static/admin/css/nav_sidebar.css'> 404 12208 17768 Not Found: /static/admin/css/nav_sidebar.css
2022-05-22 01:01:50 WARNING <WSGIRequest: GET '/static/admin/js/actions.js'> 404 12208 11740 Not Found: /static/admin/js/actions.js
2022-05-22 01:01:50 WARNING <WSGIRequest: GET '/static/admin/css/base.css'> 404 12208 13252 Not Found: /static/admin/css/base.css
2022-05-22 01:01:50 WARNING <WSGIRequest: GET '/static/styles/style.css'> 404 12208 3152 Not Found: /static/styles/style.css
2022-05-22 01:01:50 WARNING <WSGIRequest: GET '/static/admin/css/changelists.css'> 404 12208 14140 Not Found: /static/admin/css/changelists.css
2022-05-22 01:01:50 WARNING <WSGIRequest: GET '/static/admin/css/responsive.css'> 404 12208 15876 Not Found: /static/admin/css/responsive.css
2022-05-22 01:01:50 WARNING <WSGIRequest: GET '/static/admin/js/vendor/jquery/jquery.min.js'> 404 12208 17768 Not Found: /static/admin/js/vendor/jquery/jquery.min.js
2022-05-22 01:01:50 WARNING <WSGIRequest: GET '/static/admin/js/jquery.init.js'> 404 12208 11740 Not Found: /static/admin/js/jquery.init.js
2022-05-22 01:01:50 WARNING <WSGIRequest: GET '/static/admin/js/core.js'> 404 12208 13252 Not Found: /static/admin/js/core.js
2022-05-22 01:01:50 WARNING <WSGIRequest: GET '/static/admin/js/admin/RelatedObjectLookups.js'> 404 12208 3152 Not Found: /static/admin/js/admin/RelatedObjectLookups.js
2022-05-22 01:01:51 WARNING <WSGIRequest: GET '/static/admin/js/urlify.js'> 404 12208 14140 Not Found: /static/admin/js/urlify.js
2022-05-22 01:01:51 WARNING <WSGIRequest: GET '/static/admin/js/prepopulate.js'> 404 12208 15876 Not Found: /static/admin/js/prepopulate.js
2022-05-22 01:01:51 WARNING <WSGIRequest: GET '/static/admin/js/vendor/xregexp/xregexp.min.js'> 404 12208 17768 Not Found: /static/admin/js/vendor/xregexp/xregexp.min.js
2022-05-22 01:01:51 WARNING <WSGIRequest: GET '/static/scripts/jquery.min.js'> 404 12208 11740 Not Found: /static/scripts/jquery.min.js
2022-05-22 01:01:51 WARNING <WSGIRequest: GET '/static/scripts/base.js'> 404 12208 13252 Not Found: /static/scripts/base.js
2022-05-22 01:01:51 WARNING <WSGIRequest: GET '/static/admin/js/nav_sidebar.js'> 404 12208 15876 Not Found: /static/admin/js/nav_sidebar.js
2022-05-22 01:01:51 WARNING <WSGIRequest: GET '/static/images/search.png'> 404 12208 14140 Not Found: /static/images/search.png
2022-05-22 01:01:51 WARNING <WSGIRequest: GET '/static/admin/img/search.svg'> 404 12208 3152 Not Found: /static/admin/img/search.svg
2022-05-22 01:01:51 WARNING <WSGIRequest: GET '/static/admin/css/responsive.css'> 404 12208 17768 Not Found: /static/admin/css/responsive.css
2022-05-22 01:01:51 WARNING <WSGIRequest: GET '/static/admin/img/icon-yes.svg'> 404 12208 11740 Not Found: /static/admin/img/icon-yes.svg
2022-05-22 01:01:51 WARNING <WSGIRequest: GET '/static/admin/img/icon-no.svg'> 404 12208 13252 Not Found: /static/admin/img/icon-no.svg
2022-05-22 01:01:51 WARNING <WSGIRequest: GET '/static/styles/style.css'> 404 12208 17768 Not Found: /static/styles/style.css
2022-06-12 01:16:24 WARNING <WSGIRequest: GET '/static/site/js/jquery.min.js'> 404 5272 6568 Not Found: /static/site/js/jquery.min.js
2022-06-12 01:16:24 WARNING <WSGIRequest: GET '/static/site/js/sidebar.js'> 404 5272 19672 Not Found: /static/site/js/sidebar.js
2022-06-12 01:16:24 WARNING <WSGIRequest: GET '/static/site/css/base.css'> 404 5272 11864 Not Found: /static/site/css/base.css
2022-06-12 01:16:24 WARNING <WSGIRequest: GET '/static/site/css/select2.min.css'> 404 5272 21992 Not Found: /static/site/css/select2.min.css
2022-06-12 01:16:24 WARNING <WSGIRequest: GET '/static/site/js/base.js'> 404 5272 23868 Not Found: /static/site/js/base.js
2022-06-12 01:16:24 WARNING <WSGIRequest: GET '/static/site/js/render-fields.js'> 404 5272 9712 Not Found: /static/site/js/render-fields.js
2022-06-12 01:16:24 WARNING <WSGIRequest: GET '/static/site/css/select2-custom.css'> 404 5272 6568 Not Found: /static/site/css/select2-custom.css
2022-06-12 01:16:24 WARNING <WSGIRequest: GET '/static/site/css/tinymce-custom.css'> 404 5272 19672 Not Found: /static/site/css/tinymce-custom.css
2022-06-12 01:16:24 WARNING <WSGIRequest: GET '/static/site/js/bootstrap-filestyle.min.js'> 404 5272 11864 Not Found: /static/site/js/bootstrap-filestyle.min.js
2022-06-12 01:16:24 WARNING <WSGIRequest: GET '/static/site/js/select2.min.js'> 404 5272 21992 Not Found: /static/site/js/select2.min.js
2022-06-12 01:16:24 WARNING <WSGIRequest: GET '/media/img/user/bear.png'> 404 5272 11864 Not Found: /media/img/user/bear.png
2022-06-12 01:16:24 WARNING <WSGIRequest: GET '/static/site/css/select2-custom.css'> 404 5272 6568 Not Found: /static/site/css/select2-custom.css
2022-06-12 01:16:24 WARNING <WSGIRequest: GET '/static/site/css/base.css'> 404 5272 21992 Not Found: /static/site/css/base.css
2022-06-12 01:16:24 WARNING <WSGIRequest: GET '/static/site/css/tinymce-custom.css'> 404 5272 9712 Not Found: /static/site/css/tinymce-custom.css
2022-06-12 01:16:24 WARNING <WSGIRequest: GET '/static/site/css/select2.min.css'> 404 5272 19672 Not Found: /static/site/css/select2.min.css
2022-06-12 01:16:24 WARNING <WSGIRequest: GET '/static/site/img/favicon.ico'> 404 5272 19672 Not Found: /static/site/img/favicon.ico
2022-06-12 01:16:28 WARNING <WSGIRequest: GET '/favicon.ico'> 404 5272 19672 Not Found: /favicon.ico
2022-06-12 01:16:50 WARNING <WSGIRequest: GET '/static/site/js/render-fields.js'> 404 5272 6568 Not Found: /static/site/js/render-fields.js
2022-06-12 01:16:50 WARNING <WSGIRequest: GET '/static/site/js/select2.min.js'> 404 5272 23868 Not Found: /static/site/js/select2.min.js
2022-06-12 01:16:50 WARNING <WSGIRequest: GET '/static/site/js/jquery.min.js'> 404 5272 19672 Not Found: /static/site/js/jquery.min.js
2022-06-12 01:16:50 WARNING <WSGIRequest: GET '/static/site/js/bootstrap-filestyle.min.js'> 404 5272 11864 Not Found: /static/site/js/bootstrap-filestyle.min.js
2022-06-12 01:16:50 WARNING <WSGIRequest: GET '/static/site/js/base.js'> 404 5272 9712 Not Found: /static/site/js/base.js
2022-06-12 01:16:50 WARNING <WSGIRequest: GET '/static/site/js/sidebar.js'> 404 5272 21992 Not Found: /static/site/js/sidebar.js
2022-06-12 01:16:50 WARNING <WSGIRequest: GET '/static/site/css/base.css'> 404 5272 6568 Not Found: /static/site/css/base.css
2022-06-12 01:16:50 WARNING <WSGIRequest: GET '/static/site/css/select2-custom.css'> 404 5272 19672 Not Found: /static/site/css/select2-custom.css
2022-06-12 01:16:50 WARNING <WSGIRequest: GET '/static/site/css/select2.min.css'> 404 5272 23868 Not Found: /static/site/css/select2.min.css
2022-06-12 01:16:50 WARNING <WSGIRequest: GET '/static/site/css/tinymce-custom.css'> 404 5272 11864 Not Found: /static/site/css/tinymce-custom.css
2022-06-12 01:16:50 WARNING <WSGIRequest: GET '/media/img/user/bear.png'> 404 5272 21992 Not Found: /media/img/user/bear.png
2022-06-12 01:16:53 WARNING <WSGIRequest: GET '/static/site/js/jquery.min.js'> 404 5272 21992 Not Found: /static/site/js/jquery.min.js
2022-06-12 01:16:53 WARNING <WSGIRequest: GET '/static/site/js/bootstrap-filestyle.min.js'> 404 5272 6568 Not Found: /static/site/js/bootstrap-filestyle.min.js
2022-06-12 01:16:53 WARNING <WSGIRequest: GET '/static/site/js/sidebar.js'> 404 5272 23868 Not Found: /static/site/js/sidebar.js
2022-06-12 01:16:53 WARNING <WSGIRequest: GET '/static/site/js/select2.min.js'> 404 5272 9712 Not Found: /static/site/js/select2.min.js
2022-06-12 01:16:53 WARNING <WSGIRequest: GET '/static/site/js/base.js'> 404 5272 11864 Not Found: /static/site/js/base.js
2022-06-12 01:16:53 WARNING <WSGIRequest: GET '/static/site/js/render-fields.js'> 404 5272 19672 Not Found: /static/site/js/render-fields.js
2022-06-12 01:16:53 WARNING <WSGIRequest: GET '/static/site/css/base.css'> 404 5272 21992 Not Found: /static/site/css/base.css
2022-06-12 01:16:53 WARNING <WSGIRequest: GET '/static/site/css/select2.min.css'> 404 5272 6568 Not Found: /static/site/css/select2.min.css
2022-06-12 01:16:53 WARNING <WSGIRequest: GET '/static/site/css/select2-custom.css'> 404 5272 23868 Not Found: /static/site/css/select2-custom.css
2022-06-12 01:16:53 WARNING <WSGIRequest: GET '/static/site/css/tinymce-custom.css'> 404 5272 9712 Not Found: /static/site/css/tinymce-custom.css
2022-06-12 01:16:53 WARNING <WSGIRequest: GET '/media/img/user/bear.png'> 404 5272 11864 Not Found: /media/img/user/bear.png
2022-06-12 01:16:54 WARNING <WSGIRequest: GET '/static/site/js/base.js'> 404 5272 9712 Not Found: /static/site/js/base.js
2022-06-12 01:16:54 WARNING <WSGIRequest: GET '/static/site/js/select2.min.js'> 404 5272 19672 Not Found: /static/site/js/select2.min.js
2022-06-12 01:16:54 WARNING <WSGIRequest: GET '/static/site/js/jquery.min.js'> 404 5272 11864 Not Found: /static/site/js/jquery.min.js
2022-06-12 01:16:54 WARNING <WSGIRequest: GET '/static/site/js/render-fields.js'> 404 5272 6568 Not Found: /static/site/js/render-fields.js
2022-06-12 01:16:54 WARNING <WSGIRequest: GET '/static/site/js/bootstrap-filestyle.min.js'> 404 5272 21992 Not Found: /static/site/js/bootstrap-filestyle.min.js
2022-06-12 01:16:54 WARNING <WSGIRequest: GET '/static/site/js/sidebar.js'> 404 5272 23868 Not Found: /static/site/js/sidebar.js
2022-06-12 01:16:54 WARNING <WSGIRequest: GET '/static/site/css/base.css'> 404 5272 9712 Not Found: /static/site/css/base.css
2022-06-12 01:16:54 WARNING <WSGIRequest: GET '/static/site/css/select2-custom.css'> 404 5272 11864 Not Found: /static/site/css/select2-custom.css
2022-06-12 01:16:54 WARNING <WSGIRequest: GET '/static/site/css/tinymce-custom.css'> 404 5272 6568 Not Found: /static/site/css/tinymce-custom.css
2022-06-12 01:16:54 WARNING <WSGIRequest: GET '/static/site/css/select2.min.css'> 404 5272 19672 Not Found: /static/site/css/select2.min.css
2022-06-12 01:16:54 WARNING <WSGIRequest: GET '/media/img/user/bear.png'> 404 5272 23868 Not Found: /media/img/user/bear.png
2022-06-12 01:16:54 WARNING <WSGIRequest: GET '/static/site/img/favicon.ico'> 404 5272 23868 Not Found: /static/site/img/favicon.ico
