2022-06-24 00:44:27 DEBUG | CREATE TABLE "app_auditlog" ("id" bigserial NOT NULL PRIMARY KEY, "created" timestamp with time zone NOT NULL, "object" integer NOT NULL CHECK ("object" >= 0), "object_type" varchar(50) NOT NULL, "session" varchar(500) NOT NULL, "ip_address" inet NOT NULL, "url" varchar(200) NOT NULL, "message" text NOT NULL, "user_id" integer NOT NULL); (params None)
2022-06-24 00:44:27 DEBUG | ALTER TABLE "app_auditlog" ADD CONSTRAINT "app_auditlog_user_id_58b3ddfe_fk_auth_user_id" FOREIGN KEY ("user_id") REFERENCES "auth_user" ("id") DEFERRABLE INITIALLY DEFERRED; (params ())
2022-06-24 00:44:27 DEBUG | CREATE INDEX "app_auditlog_user_id_58b3ddfe" ON "app_auditlog" ("user_id"); (params ())
2022-06-24 00:45:59 DEBUG | ALTER TABLE "app_auditlog" RENAME TO "audit_log"; (params ())
2022-06-24 03:56:42 DEBUG | ALTER TABLE "attachment" ALTER COLUMN "file" TYPE varchar(5000); (params [])
2022-06-24 15:12:11 DEBUG | ALTER TABLE "attachment" ADD COLUMN "uploaded" timestamp with time zone DEFAULT %s NULL; (params [datetime.datetime(2022, 6, 24, 13, 12, 11, 711420, tzinfo=<UTC>)])
2022-06-24 15:12:11 DEBUG | ALTER TABLE "attachment" ALTER COLUMN "uploaded" DROP DEFAULT; (params [])
2022-06-25 03:02:22 DEBUG | ALTER TABLE "attachment" ADD COLUMN "directory" varchar(255) DEFAULT %s NOT NULL; (params [''])
2022-06-25 03:02:22 DEBUG | ALTER TABLE "attachment" ALTER COLUMN "directory" DROP DEFAULT; (params [])
2022-06-25 03:02:22 DEBUG | ALTER TABLE "attachment" ADD COLUMN "user_id" integer NOT NULL CONSTRAINT "attachment_user_id_e495cc99_fk_auth_user_id" REFERENCES "auth_user"("id") DEFERRABLE INITIALLY DEFERRED; SET CONSTRAINTS "attachment_user_id_e495cc99_fk_auth_user_id" IMMEDIATE; (params [])
2022-06-25 03:02:22 DEBUG | ALTER TABLE "attachment" ALTER COLUMN "uploaded" SET NOT NULL; (params [])
2022-06-25 03:02:22 DEBUG | CREATE INDEX "attachment_user_id_e495cc99" ON "attachment" ("user_id"); (params ())
2022-06-25 03:21:47 DEBUG | SET CONSTRAINTS "attachment_user_id_e495cc99_fk_auth_user_id" IMMEDIATE; ALTER TABLE "attachment" DROP CONSTRAINT "attachment_user_id_e495cc99_fk_auth_user_id"; (params ())
2022-06-25 03:21:47 DEBUG | ALTER TABLE "attachment" ADD CONSTRAINT "attachment_user_id_e495cc99_fk_auth_user_id" FOREIGN KEY ("user_id") REFERENCES "auth_user" ("id") DEFERRABLE INITIALLY DEFERRED; (params ())
2022-06-25 22:56:25 DEBUG | CREATE TABLE "ticket_association" ("id" bigserial NOT NULL PRIMARY KEY, "dest_ticket_id" bigint NOT NULL, "src_ticket_id" bigint NOT NULL); (params None)
2022-06-25 22:56:25 DEBUG | DROP TABLE "issue_association" CASCADE; (params ())
2022-06-25 22:56:45 DEBUG | CREATE TABLE "ticket_association" ("id" bigserial NOT NULL PRIMARY KEY, "dest_ticket_id" bigint NOT NULL, "src_ticket_id" bigint NOT NULL); (params None)
2022-06-25 22:56:45 DEBUG | DROP TABLE "issue_association" CASCADE; (params ())
2022-06-25 23:04:11 DEBUG | CREATE TABLE "django_content_type" ("id" serial NOT NULL PRIMARY KEY, "name" varchar(100) NOT NULL, "app_label" varchar(100) NOT NULL, "model" varchar(100) NOT NULL); (params None)
2022-06-25 23:05:26 DEBUG | CREATE TABLE "django_content_type" ("id" serial NOT NULL PRIMARY KEY, "name" varchar(100) NOT NULL, "app_label" varchar(100) NOT NULL, "model" varchar(100) NOT NULL); (params None)
2022-06-25 23:05:48 DEBUG | ALTER TABLE "django_content_type" ALTER COLUMN "name" DROP NOT NULL; (params [])
2022-06-25 23:10:24 DEBUG | DROP TABLE "ticket_association" CASCADE; (params ())
2022-06-25 23:10:39 DEBUG | DROP TABLE "ticket_association" CASCADE; (params ())
2022-06-25 23:12:03 DEBUG | DROP TABLE "ticket_association" CASCADE; (params ())
2022-06-25 23:12:11 DEBUG | DROP TABLE "ticket_association" CASCADE; (params ())
2022-06-25 23:12:33 DEBUG | DROP TABLE "ticket_association" CASCADE; (params ())
2022-06-25 23:18:09 DEBUG | ALTER TABLE "django_content_type" ALTER COLUMN "name" DROP NOT NULL; (params [])
2022-06-25 23:22:24 DEBUG | ALTER TABLE "auth_permission" ALTER COLUMN "name" TYPE varchar(255); (params [])
2022-06-25 23:22:24 DEBUG | ALTER TABLE "auth_user" ALTER COLUMN "email" TYPE varchar(254); (params [])
2022-06-25 23:22:24 DEBUG | ALTER TABLE "auth_user" ALTER COLUMN "last_login" DROP NOT NULL; (params [])
2022-06-25 23:22:24 DEBUG | ALTER TABLE "auth_user" ALTER COLUMN "username" TYPE varchar(150); (params [])
2022-06-25 23:22:24 DEBUG | ALTER TABLE "auth_user" ALTER COLUMN "last_name" TYPE varchar(150); (params [])
2022-06-25 23:22:24 DEBUG | ALTER TABLE "auth_group" ALTER COLUMN "name" TYPE varchar(150); (params [])
2022-06-25 23:22:24 DEBUG | ALTER TABLE "auth_user" ALTER COLUMN "first_name" TYPE varchar(150); (params [])
2022-06-25 23:22:24 DEBUG | ALTER TABLE "auth_group" ADD COLUMN "type" varchar(25) DEFAULT %s NOT NULL; (params [''])
2022-06-25 23:23:10 DEBUG | ALTER TABLE "auth_group" ADD COLUMN "type" varchar(25) DEFAULT %s NOT NULL; (params [''])
2022-06-25 23:51:18 DEBUG | CREATE TABLE "django_migrations" ("id" bigserial NOT NULL PRIMARY KEY, "app" varchar(255) NOT NULL, "name" varchar(255) NOT NULL, "applied" timestamp with time zone NOT NULL); (params None)
2022-06-25 23:51:18 DEBUG | CREATE TABLE "django_content_type" ("id" serial NOT NULL PRIMARY KEY, "name" varchar(100) NOT NULL, "app_label" varchar(100) NOT NULL, "model" varchar(100) NOT NULL); (params None)
2022-06-25 23:51:18 DEBUG | ALTER TABLE "django_content_type" ADD CONSTRAINT "django_content_type_app_label_model_76bd3d3b_uniq" UNIQUE ("app_label", "model"); (params ())
2022-06-25 23:51:18 DEBUG | CREATE TABLE "auth_permission" ("id" serial NOT NULL PRIMARY KEY, "name" varchar(50) NOT NULL, "content_type_id" integer NOT NULL, "codename" varchar(100) NOT NULL); (params None)
2022-06-25 23:51:18 DEBUG | CREATE TABLE "auth_group" ("id" serial NOT NULL PRIMARY KEY, "name" varchar(80) NOT NULL UNIQUE); (params None)
2022-06-25 23:51:18 DEBUG | CREATE TABLE "auth_group_permissions" ("id" bigserial NOT NULL PRIMARY KEY, "group_id" integer NOT NULL, "permission_id" integer NOT NULL); (params None)
2022-06-25 23:51:18 DEBUG | CREATE TABLE "auth_user" ("id" serial NOT NULL PRIMARY KEY, "password" varchar(128) NOT NULL, "last_login" timestamp with time zone NOT NULL, "is_superuser" boolean NOT NULL, "username" varchar(30) NOT NULL UNIQUE, "first_name" varchar(30) NOT NULL, "last_name" varchar(30) NOT NULL, "email" varchar(75) NOT NULL, "is_staff" boolean NOT NULL, "is_active" boolean NOT NULL, "date_joined" timestamp with time zone NOT NULL); (params None)
2022-06-25 23:51:18 DEBUG | CREATE TABLE "auth_user_groups" ("id" bigserial NOT NULL PRIMARY KEY, "user_id" integer NOT NULL, "group_id" integer NOT NULL); (params None)
2022-06-25 23:51:18 DEBUG | CREATE TABLE "auth_user_user_permissions" ("id" bigserial NOT NULL PRIMARY KEY, "user_id" integer NOT NULL, "permission_id" integer NOT NULL); (params None)
2022-06-25 23:51:18 DEBUG | ALTER TABLE "auth_permission" ADD CONSTRAINT "auth_permission_content_type_id_codename_01ab375a_uniq" UNIQUE ("content_type_id", "codename"); (params ())
2022-06-25 23:51:18 DEBUG | ALTER TABLE "auth_permission" ADD CONSTRAINT "auth_permission_content_type_id_2f476e4b_fk_django_co" FOREIGN KEY ("content_type_id") REFERENCES "django_content_type" ("id") DEFERRABLE INITIALLY DEFERRED; (params ())
2022-06-25 23:51:18 DEBUG | CREATE INDEX "auth_permission_content_type_id_2f476e4b" ON "auth_permission" ("content_type_id"); (params ())
2022-06-25 23:51:18 DEBUG | CREATE INDEX "auth_group_name_a6ea08ec_like" ON "auth_group" ("name" varchar_pattern_ops); (params ())
2022-06-25 23:51:18 DEBUG | ALTER TABLE "auth_group_permissions" ADD CONSTRAINT "auth_group_permissions_group_id_permission_id_0cd325b0_uniq" UNIQUE ("group_id", "permission_id"); (params ())
2022-06-25 23:51:18 DEBUG | ALTER TABLE "auth_group_permissions" ADD CONSTRAINT "auth_group_permissions_group_id_b120cbf9_fk_auth_group_id" FOREIGN KEY ("group_id") REFERENCES "auth_group" ("id") DEFERRABLE INITIALLY DEFERRED; (params ())
2022-06-25 23:51:18 DEBUG | ALTER TABLE "auth_group_permissions" ADD CONSTRAINT "auth_group_permissio_permission_id_84c5c92e_fk_auth_perm" FOREIGN KEY ("permission_id") REFERENCES "auth_permission" ("id") DEFERRABLE INITIALLY DEFERRED; (params ())
2022-06-25 23:51:18 DEBUG | CREATE INDEX "auth_group_permissions_group_id_b120cbf9" ON "auth_group_permissions" ("group_id"); (params ())
2022-06-25 23:51:18 DEBUG | CREATE INDEX "auth_group_permissions_permission_id_84c5c92e" ON "auth_group_permissions" ("permission_id"); (params ())
2022-06-25 23:51:18 DEBUG | CREATE INDEX "auth_user_username_6821ab7c_like" ON "auth_user" ("username" varchar_pattern_ops); (params ())
2022-06-25 23:51:18 DEBUG | ALTER TABLE "auth_user_groups" ADD CONSTRAINT "auth_user_groups_user_id_group_id_94350c0c_uniq" UNIQUE ("user_id", "group_id"); (params ())
2022-06-25 23:51:18 DEBUG | ALTER TABLE "auth_user_groups" ADD CONSTRAINT "auth_user_groups_user_id_6a12ed8b_fk_auth_user_id" FOREIGN KEY ("user_id") REFERENCES "auth_user" ("id") DEFERRABLE INITIALLY DEFERRED; (params ())
2022-06-25 23:51:18 DEBUG | ALTER TABLE "auth_user_groups" ADD CONSTRAINT "auth_user_groups_group_id_97559544_fk_auth_group_id" FOREIGN KEY ("group_id") REFERENCES "auth_group" ("id") DEFERRABLE INITIALLY DEFERRED; (params ())
2022-06-25 23:51:18 DEBUG | CREATE INDEX "auth_user_groups_user_id_6a12ed8b" ON "auth_user_groups" ("user_id"); (params ())
2022-06-25 23:51:18 DEBUG | CREATE INDEX "auth_user_groups_group_id_97559544" ON "auth_user_groups" ("group_id"); (params ())
2022-06-25 23:51:18 DEBUG | ALTER TABLE "auth_user_user_permissions" ADD CONSTRAINT "auth_user_user_permissions_user_id_permission_id_14a6b632_uniq" UNIQUE ("user_id", "permission_id"); (params ())
2022-06-25 23:51:18 DEBUG | ALTER TABLE "auth_user_user_permissions" ADD CONSTRAINT "auth_user_user_permissions_user_id_a95ead1b_fk_auth_user_id" FOREIGN KEY ("user_id") REFERENCES "auth_user" ("id") DEFERRABLE INITIALLY DEFERRED; (params ())
2022-06-25 23:51:18 DEBUG | ALTER TABLE "auth_user_user_permissions" ADD CONSTRAINT "auth_user_user_permi_permission_id_1fbb5f2c_fk_auth_perm" FOREIGN KEY ("permission_id") REFERENCES "auth_permission" ("id") DEFERRABLE INITIALLY DEFERRED; (params ())
2022-06-25 23:51:18 DEBUG | CREATE INDEX "auth_user_user_permissions_user_id_a95ead1b" ON "auth_user_user_permissions" ("user_id"); (params ())
2022-06-25 23:51:18 DEBUG | CREATE INDEX "auth_user_user_permissions_permission_id_1fbb5f2c" ON "auth_user_user_permissions" ("permission_id"); (params ())
2022-06-25 23:51:18 DEBUG | CREATE TABLE "django_admin_log" ("id" serial NOT NULL PRIMARY KEY, "action_time" timestamp with time zone NOT NULL, "object_id" text NULL, "object_repr" varchar(200) NOT NULL, "action_flag" smallint NOT NULL CHECK ("action_flag" >= 0), "change_message" text NOT NULL, "content_type_id" integer NULL, "user_id" integer NOT NULL); (params None)
2022-06-25 23:51:18 DEBUG | ALTER TABLE "django_admin_log" ADD CONSTRAINT "django_admin_log_content_type_id_c4bce8eb_fk_django_co" FOREIGN KEY ("content_type_id") REFERENCES "django_content_type" ("id") DEFERRABLE INITIALLY DEFERRED; (params ())
2022-06-25 23:51:18 DEBUG | ALTER TABLE "django_admin_log" ADD CONSTRAINT "django_admin_log_user_id_c564eba6_fk_auth_user_id" FOREIGN KEY ("user_id") REFERENCES "auth_user" ("id") DEFERRABLE INITIALLY DEFERRED; (params ())
2022-06-25 23:51:18 DEBUG | CREATE INDEX "django_admin_log_content_type_id_c4bce8eb" ON "django_admin_log" ("content_type_id"); (params ())
2022-06-25 23:51:19 DEBUG | CREATE INDEX "django_admin_log_user_id_c564eba6" ON "django_admin_log" ("user_id"); (params ())
2022-06-25 23:51:19 DEBUG | ALTER TABLE "django_content_type" ALTER COLUMN "name" DROP NOT NULL; (params [])
2022-06-25 23:51:19 DEBUG | ALTER TABLE "django_content_type" DROP COLUMN "name" CASCADE; (params ())
2022-06-25 23:51:19 DEBUG | ALTER TABLE "auth_permission" ALTER COLUMN "name" TYPE varchar(255); (params [])
2022-06-25 23:51:19 DEBUG | ALTER TABLE "auth_user" ALTER COLUMN "email" TYPE varchar(254); (params [])
2022-06-25 23:51:19 DEBUG | ALTER TABLE "auth_user" ALTER COLUMN "last_login" DROP NOT NULL; (params [])
2022-06-25 23:51:19 DEBUG | ALTER TABLE "auth_user" ALTER COLUMN "username" TYPE varchar(150); (params [])
2022-06-25 23:51:19 DEBUG | ALTER TABLE "auth_user" ALTER COLUMN "last_name" TYPE varchar(150); (params [])
2022-06-25 23:51:19 DEBUG | ALTER TABLE "auth_group" ALTER COLUMN "name" TYPE varchar(150); (params [])
2022-06-25 23:51:19 DEBUG | ALTER TABLE "auth_user" ALTER COLUMN "first_name" TYPE varchar(150); (params [])
2022-06-25 23:51:19 DEBUG | ALTER TABLE "auth_group" ADD COLUMN "type" varchar(25) DEFAULT %s NOT NULL; (params [''])
2022-06-25 23:51:19 DEBUG | ALTER TABLE "auth_group" ALTER COLUMN "type" DROP DEFAULT; (params [])
2022-06-25 23:51:19 DEBUG | ALTER TABLE "auth_user" ADD COLUMN "avatar" varchar(500) DEFAULT %s NOT NULL; (params ['static/site/img/avatar/default-avatar.png'])
2022-06-25 23:51:19 DEBUG | ALTER TABLE "auth_user" ALTER COLUMN "avatar" DROP DEFAULT; (params [])
2022-06-25 23:51:19 DEBUG | ALTER TABLE "auth_user" RENAME COLUMN "avatar" TO "icon"; (params ())
2022-06-25 23:51:19 DEBUG | CREATE TABLE "django_session" ("session_key" varchar(40) NOT NULL PRIMARY KEY, "session_data" text NOT NULL, "expire_date" timestamp with time zone NOT NULL); (params None)
2022-06-25 23:51:19 DEBUG | CREATE INDEX "django_session_session_key_c0390e0f_like" ON "django_session" ("session_key" varchar_pattern_ops); (params ())
2022-06-25 23:51:19 DEBUG | CREATE INDEX "django_session_expire_date_a5c62663" ON "django_session" ("expire_date"); (params ())
2022-06-25 23:53:45 DEBUG | CREATE TABLE "attachment" ("id" bigserial NOT NULL PRIMARY KEY, "file" varchar(5000) NULL, "filename" varchar(255) NOT NULL, "size" integer NOT NULL, "uploaded" timestamp with time zone NOT NULL, "directory" varchar(255) NOT NULL, "user_id" integer NOT NULL); (params None)
2022-06-25 23:53:45 DEBUG | CREATE TABLE "attachment_association" ("id" bigserial NOT NULL PRIMARY KEY, "attachment_id" bigint NOT NULL); (params None)
2022-06-25 23:53:45 DEBUG | CREATE TABLE "board" ("id" bigserial NOT NULL PRIMARY KEY, "name" varchar(255) NOT NULL UNIQUE, "env_type" varchar(50) NULL); (params None)
2022-06-25 23:53:45 DEBUG | CREATE TABLE "board_column" ("id" bigserial NOT NULL PRIMARY KEY, "column_title" varchar(255) NOT NULL, "column_number" integer NOT NULL, "board_id" bigint NOT NULL); (params None)
2022-06-25 23:53:45 DEBUG | CREATE TABLE "comment" ("id" bigserial NOT NULL PRIMARY KEY, "content" text NOT NULL, "created" timestamp with time zone NOT NULL, "updated" timestamp with time zone NULL, "author_id" integer NOT NULL); (params None)
2022-06-25 23:53:45 DEBUG | CREATE TABLE "comment_association" ("id" bigserial NOT NULL PRIMARY KEY, "comment_id" bigint NOT NULL); (params None)
2022-06-25 23:53:45 DEBUG | CREATE TABLE "issue" ("id" bigserial NOT NULL PRIMARY KEY, "key" varchar(255) NOT NULL UNIQUE, "title" varchar(255) NOT NULL, "description" text NULL, "escalated" boolean NOT NULL, "suspended" boolean NOT NULL, "created" timestamp with time zone NOT NULL, "updated" timestamp with time zone NULL, "slug" varchar(55) NOT NULL, "assignee_id" integer NULL); (params None)
2022-06-25 23:53:45 DEBUG | CREATE TABLE "label" ("id" bigserial NOT NULL PRIMARY KEY, "name" varchar(255) NOT NULL UNIQUE, "description" text NULL); (params None)
2022-06-25 23:53:45 DEBUG | CREATE TABLE "priority" ("id" bigserial NOT NULL PRIMARY KEY, "name" varchar(50) NOT NULL UNIQUE, "description" text NULL, "step" integer NOT NULL, "icon" varchar(500) NOT NULL); (params None)
2022-06-25 23:53:45 DEBUG | CREATE TABLE "resolution" ("id" bigserial NOT NULL PRIMARY KEY, "name" varchar(50) NOT NULL UNIQUE, "description" text NULL); (params None)
2022-06-25 23:53:45 DEBUG | CREATE TABLE "siema" ("id" bigserial NOT NULL PRIMARY KEY, "test" varchar(50) NOT NULL); (params None)
2022-06-25 23:53:45 DEBUG | CREATE TABLE "sla_scheme" ("id" bigserial NOT NULL PRIMARY KEY, "name" varchar(255) NOT NULL UNIQUE, "reaction_time" integer NOT NULL, "resolve_time" integer NOT NULL, "hour_range" varchar(5) NOT NULL); (params None)
2022-06-25 23:53:45 DEBUG | CREATE TABLE "status" ("id" bigserial NOT NULL PRIMARY KEY, "name" varchar(50) NOT NULL UNIQUE, "description" text NULL, "color" varchar(7) NOT NULL, "resolution_id" bigint NULL); (params None)
2022-06-25 23:53:46 DEBUG | CREATE TABLE "tenant" ("id" bigserial NOT NULL PRIMARY KEY, "key" varchar(50) NOT NULL UNIQUE, "name" varchar(255) NOT NULL, "count" integer NOT NULL CHECK ("count" >= 0), "icon" varchar(500) NOT NULL, "customers_board_id" bigint NULL, "customers_group_id" integer NULL, "developers_board_id" bigint NULL, "developers_group_id" integer NULL, "operators_board_id" bigint NULL, "operators_group_id" integer NULL, "sla_id" bigint NOT NULL); (params None)
2022-06-25 23:53:46 DEBUG | CREATE TABLE "transition" ("id" bigserial NOT NULL PRIMARY KEY, "name" varchar(55) NOT NULL, "dest_status_id" bigint NULL, "src_status_id" bigint NULL); (params None)
2022-06-25 23:53:46 DEBUG | CREATE TABLE "type" ("id" bigserial NOT NULL PRIMARY KEY, "name" varchar(50) NOT NULL UNIQUE, "env_type" varchar(50) NULL, "description" text NULL, "icon" varchar(500) NOT NULL); (params None)
2022-06-25 23:53:46 DEBUG | CREATE TABLE "transition_association" ("id" bigserial NOT NULL PRIMARY KEY, "transition_id" bigint NOT NULL, "type_id" bigint NULL); (params None)
2022-06-25 23:53:46 DEBUG | CREATE TABLE "ticket_association" ("id" bigserial NOT NULL PRIMARY KEY, "dest_ticket_id" bigint NOT NULL, "src_ticket_id" bigint NOT NULL); (params None)
2022-06-25 23:53:46 DEBUG | CREATE TABLE "tenant_session" ("id" bigserial NOT NULL PRIMARY KEY, "active" boolean NOT NULL, "user_type" varchar(25) NOT NULL, "tenant_id" bigint NOT NULL, "user_id" integer NOT NULL); (params None)
2022-06-25 23:53:46 DEBUG | CREATE TABLE "label_association" ("id" bigserial NOT NULL PRIMARY KEY, "issue_id" bigint NOT NULL, "label_id" bigint NOT NULL); (params None)
2022-06-25 23:53:46 DEBUG | ALTER TABLE "issue" ADD COLUMN "priority_id" bigint DEFAULT %s NOT NULL CONSTRAINT "issue_priority_id_aaf8fcc2_fk_priority_id" REFERENCES "priority"("id") DEFERRABLE INITIALLY DEFERRED; SET CONSTRAINTS "issue_priority_id_aaf8fcc2_fk_priority_id" IMMEDIATE; (params [3])
2022-06-25 23:53:46 DEBUG | ALTER TABLE "issue" ALTER COLUMN "priority_id" DROP DEFAULT; (params [])
2022-06-25 23:53:46 DEBUG | ALTER TABLE "issue" ADD COLUMN "reporter_id" integer NOT NULL CONSTRAINT "issue_reporter_id_70f43552_fk_auth_user_id" REFERENCES "auth_user"("id") DEFERRABLE INITIALLY DEFERRED; SET CONSTRAINTS "issue_reporter_id_70f43552_fk_auth_user_id" IMMEDIATE; (params [])
2022-06-25 23:53:46 DEBUG | ALTER TABLE "issue" ADD COLUMN "resolution_id" bigint NULL CONSTRAINT "issue_resolution_id_70f6320e_fk_resolution_id" REFERENCES "resolution"("id") DEFERRABLE INITIALLY DEFERRED; SET CONSTRAINTS "issue_resolution_id_70f6320e_fk_resolution_id" IMMEDIATE; (params [])
2022-06-25 23:53:46 DEBUG | ALTER TABLE "issue" ADD COLUMN "status_id" bigint DEFAULT %s NOT NULL CONSTRAINT "issue_status_id_ace26b12_fk_status_id" REFERENCES "status"("id") DEFERRABLE INITIALLY DEFERRED; SET CONSTRAINTS "issue_status_id_ace26b12_fk_status_id" IMMEDIATE; (params [15])
2022-06-25 23:53:46 DEBUG | ALTER TABLE "issue" ALTER COLUMN "status_id" DROP DEFAULT; (params [])
2022-06-25 23:53:46 DEBUG | ALTER TABLE "issue" ADD COLUMN "tenant_id" bigint NOT NULL CONSTRAINT "issue_tenant_id_15961d7a_fk_tenant_id" REFERENCES "tenant"("id") DEFERRABLE INITIALLY DEFERRED; SET CONSTRAINTS "issue_tenant_id_15961d7a_fk_tenant_id" IMMEDIATE; (params [])
2022-06-25 23:53:46 DEBUG | ALTER TABLE "issue" ADD COLUMN "type_id" bigint DEFAULT %s NOT NULL CONSTRAINT "issue_type_id_66802d72_fk_type_id" REFERENCES "type"("id") DEFERRABLE INITIALLY DEFERRED; SET CONSTRAINTS "issue_type_id_66802d72_fk_type_id" IMMEDIATE; (params [1])
2022-06-25 23:53:46 DEBUG | ALTER TABLE "issue" ALTER COLUMN "type_id" DROP DEFAULT; (params [])
2022-06-25 23:53:46 DEBUG | ALTER TABLE "comment_association" ADD COLUMN "issue_id" bigint NOT NULL CONSTRAINT "comment_association_issue_id_2d488a3e_fk_issue_id" REFERENCES "issue"("id") DEFERRABLE INITIALLY DEFERRED; SET CONSTRAINTS "comment_association_issue_id_2d488a3e_fk_issue_id" IMMEDIATE; (params [])
2022-06-25 23:53:46 DEBUG | CREATE TABLE "board_column_association" ("id" bigserial NOT NULL PRIMARY KEY, "column_id" bigint NOT NULL, "status_id" bigint NOT NULL); (params None)
2022-06-25 23:53:46 DEBUG | CREATE TABLE "audit_log" ("id" bigserial NOT NULL PRIMARY KEY, "created" timestamp with time zone NOT NULL, "object" integer NOT NULL CHECK ("object" >= 0), "object_type" varchar(50) NOT NULL, "session" varchar(500) NOT NULL, "ip_address" inet NOT NULL, "url" varchar(200) NOT NULL, "message" text NOT NULL, "user_id" integer NOT NULL); (params None)
2022-06-25 23:53:46 DEBUG | ALTER TABLE "attachment_association" ADD COLUMN "issue_id" bigint NOT NULL CONSTRAINT "attachment_association_issue_id_26e1259f_fk_issue_id" REFERENCES "issue"("id") DEFERRABLE INITIALLY DEFERRED; SET CONSTRAINTS "attachment_association_issue_id_26e1259f_fk_issue_id" IMMEDIATE; (params [])
2022-06-25 23:53:46 DEBUG | ALTER TABLE "attachment" ADD CONSTRAINT "attachment_user_id_e495cc99_fk_auth_user_id" FOREIGN KEY ("user_id") REFERENCES "auth_user" ("id") DEFERRABLE INITIALLY DEFERRED; (params ())
2022-06-25 23:53:46 DEBUG | CREATE INDEX "attachment_user_id_e495cc99" ON "attachment" ("user_id"); (params ())
2022-06-25 23:53:46 DEBUG | ALTER TABLE "attachment_association" ADD CONSTRAINT "attachment_association_attachment_id_4cf42a17_fk_attachment_id" FOREIGN KEY ("attachment_id") REFERENCES "attachment" ("id") DEFERRABLE INITIALLY DEFERRED; (params ())
2022-06-25 23:53:46 DEBUG | CREATE INDEX "attachment_association_attachment_id_4cf42a17" ON "attachment_association" ("attachment_id"); (params ())
2022-06-25 23:53:46 DEBUG | CREATE INDEX "board_name_2905c3ae_like" ON "board" ("name" varchar_pattern_ops); (params ())
2022-06-25 23:53:46 DEBUG | ALTER TABLE "board_column" ADD CONSTRAINT "board_column_board_id_567562b6_fk_board_id" FOREIGN KEY ("board_id") REFERENCES "board" ("id") DEFERRABLE INITIALLY DEFERRED; (params ())
2022-06-25 23:53:46 DEBUG | CREATE INDEX "board_column_board_id_567562b6" ON "board_column" ("board_id"); (params ())
2022-06-25 23:53:46 DEBUG | ALTER TABLE "comment" ADD CONSTRAINT "comment_author_id_36cf9cf3_fk_auth_user_id" FOREIGN KEY ("author_id") REFERENCES "auth_user" ("id") DEFERRABLE INITIALLY DEFERRED; (params ())
2022-06-25 23:53:46 DEBUG | CREATE INDEX "comment_author_id_36cf9cf3" ON "comment" ("author_id"); (params ())
2022-06-25 23:53:46 DEBUG | ALTER TABLE "comment_association" ADD CONSTRAINT "comment_association_comment_id_19812974_fk_comment_id" FOREIGN KEY ("comment_id") REFERENCES "comment" ("id") DEFERRABLE INITIALLY DEFERRED; (params ())
2022-06-25 23:53:46 DEBUG | CREATE INDEX "comment_association_comment_id_19812974" ON "comment_association" ("comment_id"); (params ())
2022-06-25 23:53:46 DEBUG | ALTER TABLE "issue" ADD CONSTRAINT "issue_assignee_id_0f5a102f_fk_auth_user_id" FOREIGN KEY ("assignee_id") REFERENCES "auth_user" ("id") DEFERRABLE INITIALLY DEFERRED; (params ())
2022-06-25 23:53:46 DEBUG | CREATE INDEX "issue_key_d911144e_like" ON "issue" ("key" varchar_pattern_ops); (params ())
2022-06-25 23:53:46 DEBUG | CREATE INDEX "issue_slug_0bc41ce0" ON "issue" ("slug"); (params ())
2022-06-25 23:53:46 DEBUG | CREATE INDEX "issue_slug_0bc41ce0_like" ON "issue" ("slug" varchar_pattern_ops); (params ())
2022-06-25 23:53:46 DEBUG | CREATE INDEX "issue_assignee_id_0f5a102f" ON "issue" ("assignee_id"); (params ())
2022-06-25 23:53:46 DEBUG | CREATE INDEX "label_name_2ceb1ad0_like" ON "label" ("name" varchar_pattern_ops); (params ())
2022-06-25 23:53:46 DEBUG | CREATE INDEX "priority_name_0d5eec91_like" ON "priority" ("name" varchar_pattern_ops); (params ())
2022-06-25 23:53:46 DEBUG | CREATE INDEX "resolution_name_25108b4f_like" ON "resolution" ("name" varchar_pattern_ops); (params ())
2022-06-25 23:53:46 DEBUG | CREATE INDEX "sla_scheme_name_faff497e_like" ON "sla_scheme" ("name" varchar_pattern_ops); (params ())
2022-06-25 23:53:46 DEBUG | ALTER TABLE "status" ADD CONSTRAINT "status_resolution_id_f59a71eb_fk_resolution_id" FOREIGN KEY ("resolution_id") REFERENCES "resolution" ("id") DEFERRABLE INITIALLY DEFERRED; (params ())
2022-06-25 23:53:46 DEBUG | CREATE INDEX "status_name_68e1d769_like" ON "status" ("name" varchar_pattern_ops); (params ())
2022-06-25 23:53:46 DEBUG | CREATE INDEX "status_resolution_id_f59a71eb" ON "status" ("resolution_id"); (params ())
2022-06-25 23:53:46 DEBUG | ALTER TABLE "tenant" ADD CONSTRAINT "tenant_customers_board_id_db849481_fk_board_id" FOREIGN KEY ("customers_board_id") REFERENCES "board" ("id") DEFERRABLE INITIALLY DEFERRED; (params ())
2022-06-25 23:53:46 DEBUG | ALTER TABLE "tenant" ADD CONSTRAINT "tenant_customers_group_id_b427c99a_fk_auth_group_id" FOREIGN KEY ("customers_group_id") REFERENCES "auth_group" ("id") DEFERRABLE INITIALLY DEFERRED; (params ())
2022-06-25 23:53:46 DEBUG | ALTER TABLE "tenant" ADD CONSTRAINT "tenant_developers_board_id_3ced0fa5_fk_board_id" FOREIGN KEY ("developers_board_id") REFERENCES "board" ("id") DEFERRABLE INITIALLY DEFERRED; (params ())
2022-06-25 23:53:46 DEBUG | ALTER TABLE "tenant" ADD CONSTRAINT "tenant_developers_group_id_910bb5f6_fk_auth_group_id" FOREIGN KEY ("developers_group_id") REFERENCES "auth_group" ("id") DEFERRABLE INITIALLY DEFERRED; (params ())
2022-06-25 23:53:46 DEBUG | ALTER TABLE "tenant" ADD CONSTRAINT "tenant_operators_board_id_675462d6_fk_board_id" FOREIGN KEY ("operators_board_id") REFERENCES "board" ("id") DEFERRABLE INITIALLY DEFERRED; (params ())
2022-06-25 23:53:46 DEBUG | ALTER TABLE "tenant" ADD CONSTRAINT "tenant_operators_group_id_f83bb7ad_fk_auth_group_id" FOREIGN KEY ("operators_group_id") REFERENCES "auth_group" ("id") DEFERRABLE INITIALLY DEFERRED; (params ())
2022-06-25 23:53:46 DEBUG | ALTER TABLE "tenant" ADD CONSTRAINT "tenant_sla_id_e0c3a165_fk_sla_scheme_id" FOREIGN KEY ("sla_id") REFERENCES "sla_scheme" ("id") DEFERRABLE INITIALLY DEFERRED; (params ())
2022-06-25 23:53:46 DEBUG | CREATE INDEX "tenant_key_c414e243_like" ON "tenant" ("key" varchar_pattern_ops); (params ())
2022-06-25 23:53:46 DEBUG | CREATE INDEX "tenant_customers_board_id_db849481" ON "tenant" ("customers_board_id"); (params ())
2022-06-25 23:53:46 DEBUG | CREATE INDEX "tenant_customers_group_id_b427c99a" ON "tenant" ("customers_group_id"); (params ())
2022-06-25 23:53:46 DEBUG | CREATE INDEX "tenant_developers_board_id_3ced0fa5" ON "tenant" ("developers_board_id"); (params ())
2022-06-25 23:53:46 DEBUG | CREATE INDEX "tenant_developers_group_id_910bb5f6" ON "tenant" ("developers_group_id"); (params ())
2022-06-25 23:53:46 DEBUG | CREATE INDEX "tenant_operators_board_id_675462d6" ON "tenant" ("operators_board_id"); (params ())
2022-06-25 23:53:46 DEBUG | CREATE INDEX "tenant_operators_group_id_f83bb7ad" ON "tenant" ("operators_group_id"); (params ())
2022-06-25 23:53:46 DEBUG | CREATE INDEX "tenant_sla_id_e0c3a165" ON "tenant" ("sla_id"); (params ())
2022-06-25 23:53:46 DEBUG | ALTER TABLE "transition" ADD CONSTRAINT "transition_dest_status_id_56953b29_fk_status_id" FOREIGN KEY ("dest_status_id") REFERENCES "status" ("id") DEFERRABLE INITIALLY DEFERRED; (params ())
2022-06-25 23:53:46 DEBUG | ALTER TABLE "transition" ADD CONSTRAINT "transition_src_status_id_64603eb0_fk_status_id" FOREIGN KEY ("src_status_id") REFERENCES "status" ("id") DEFERRABLE INITIALLY DEFERRED; (params ())
2022-06-25 23:53:46 DEBUG | CREATE INDEX "transition_dest_status_id_56953b29" ON "transition" ("dest_status_id"); (params ())
2022-06-25 23:53:46 DEBUG | CREATE INDEX "transition_src_status_id_64603eb0" ON "transition" ("src_status_id"); (params ())
2022-06-25 23:53:46 DEBUG | CREATE INDEX "type_name_eedc2606_like" ON "type" ("name" varchar_pattern_ops); (params ())
2022-06-25 23:53:46 DEBUG | ALTER TABLE "transition_association" ADD CONSTRAINT "transition_association_type_id_transition_id_75fd25bc_uniq" UNIQUE ("type_id", "transition_id"); (params ())
2022-06-25 23:53:46 DEBUG | ALTER TABLE "transition_association" ADD CONSTRAINT "transition_association_transition_id_29f74289_fk_transition_id" FOREIGN KEY ("transition_id") REFERENCES "transition" ("id") DEFERRABLE INITIALLY DEFERRED; (params ())
2022-06-25 23:53:46 DEBUG | ALTER TABLE "transition_association" ADD CONSTRAINT "transition_association_type_id_e441b5d1_fk_type_id" FOREIGN KEY ("type_id") REFERENCES "type" ("id") DEFERRABLE INITIALLY DEFERRED; (params ())
2022-06-25 23:53:46 DEBUG | CREATE INDEX "transition_association_transition_id_29f74289" ON "transition_association" ("transition_id"); (params ())
2022-06-25 23:53:46 DEBUG | CREATE INDEX "transition_association_type_id_e441b5d1" ON "transition_association" ("type_id"); (params ())
2022-06-25 23:53:46 DEBUG | ALTER TABLE "ticket_association" ADD CONSTRAINT "ticket_association_dest_ticket_id_6a512c08_fk_issue_id" FOREIGN KEY ("dest_ticket_id") REFERENCES "issue" ("id") DEFERRABLE INITIALLY DEFERRED; (params ())
2022-06-25 23:53:46 DEBUG | ALTER TABLE "ticket_association" ADD CONSTRAINT "ticket_association_src_ticket_id_6cc999e6_fk_issue_id" FOREIGN KEY ("src_ticket_id") REFERENCES "issue" ("id") DEFERRABLE INITIALLY DEFERRED; (params ())
2022-06-25 23:53:46 DEBUG | CREATE INDEX "ticket_association_dest_ticket_id_6a512c08" ON "ticket_association" ("dest_ticket_id"); (params ())
2022-06-25 23:53:46 DEBUG | CREATE INDEX "ticket_association_src_ticket_id_6cc999e6" ON "ticket_association" ("src_ticket_id"); (params ())
2022-06-25 23:53:46 DEBUG | ALTER TABLE "tenant_session" ADD CONSTRAINT "tenant_session_tenant_id_64b79291_fk_tenant_id" FOREIGN KEY ("tenant_id") REFERENCES "tenant" ("id") DEFERRABLE INITIALLY DEFERRED; (params ())
2022-06-25 23:53:46 DEBUG | ALTER TABLE "tenant_session" ADD CONSTRAINT "tenant_session_user_id_20d6f18a_fk_auth_user_id" FOREIGN KEY ("user_id") REFERENCES "auth_user" ("id") DEFERRABLE INITIALLY DEFERRED; (params ())
2022-06-25 23:53:46 DEBUG | CREATE INDEX "tenant_session_tenant_id_64b79291" ON "tenant_session" ("tenant_id"); (params ())
2022-06-25 23:53:46 DEBUG | CREATE INDEX "tenant_session_user_id_20d6f18a" ON "tenant_session" ("user_id"); (params ())
2022-06-25 23:53:46 DEBUG | ALTER TABLE "label_association" ADD CONSTRAINT "label_association_issue_id_d45650fa_fk_issue_id" FOREIGN KEY ("issue_id") REFERENCES "issue" ("id") DEFERRABLE INITIALLY DEFERRED; (params ())
2022-06-25 23:53:46 DEBUG | ALTER TABLE "label_association" ADD CONSTRAINT "label_association_label_id_631b18a3_fk_label_id" FOREIGN KEY ("label_id") REFERENCES "label" ("id") DEFERRABLE INITIALLY DEFERRED; (params ())
2022-06-25 23:53:46 DEBUG | CREATE INDEX "label_association_issue_id_d45650fa" ON "label_association" ("issue_id"); (params ())
2022-06-25 23:53:46 DEBUG | CREATE INDEX "label_association_label_id_631b18a3" ON "label_association" ("label_id"); (params ())
2022-06-25 23:53:46 DEBUG | CREATE INDEX "issue_priority_id_aaf8fcc2" ON "issue" ("priority_id"); (params ())
2022-06-25 23:53:46 DEBUG | CREATE INDEX "issue_reporter_id_70f43552" ON "issue" ("reporter_id"); (params ())
2022-06-25 23:53:46 DEBUG | CREATE INDEX "issue_resolution_id_70f6320e" ON "issue" ("resolution_id"); (params ())
2022-06-25 23:53:46 DEBUG | CREATE INDEX "issue_status_id_ace26b12" ON "issue" ("status_id"); (params ())
2022-06-25 23:53:46 DEBUG | CREATE INDEX "issue_tenant_id_15961d7a" ON "issue" ("tenant_id"); (params ())
2022-06-25 23:53:46 DEBUG | CREATE INDEX "issue_type_id_66802d72" ON "issue" ("type_id"); (params ())
2022-06-25 23:53:46 DEBUG | CREATE INDEX "comment_association_issue_id_2d488a3e" ON "comment_association" ("issue_id"); (params ())
2022-06-25 23:53:46 DEBUG | ALTER TABLE "board_column_association" ADD CONSTRAINT "board_column_association_column_id_a26a2bb4_fk_board_column_id" FOREIGN KEY ("column_id") REFERENCES "board_column" ("id") DEFERRABLE INITIALLY DEFERRED; (params ())
2022-06-25 23:53:46 DEBUG | ALTER TABLE "board_column_association" ADD CONSTRAINT "board_column_association_status_id_f4edb0bc_fk_status_id" FOREIGN KEY ("status_id") REFERENCES "status" ("id") DEFERRABLE INITIALLY DEFERRED; (params ())
2022-06-25 23:53:46 DEBUG | CREATE INDEX "board_column_association_column_id_a26a2bb4" ON "board_column_association" ("column_id"); (params ())
2022-06-25 23:53:46 DEBUG | CREATE INDEX "board_column_association_status_id_f4edb0bc" ON "board_column_association" ("status_id"); (params ())
2022-06-25 23:53:46 DEBUG | ALTER TABLE "audit_log" ADD CONSTRAINT "audit_log_user_id_a1b3392d_fk_auth_user_id" FOREIGN KEY ("user_id") REFERENCES "auth_user" ("id") DEFERRABLE INITIALLY DEFERRED; (params ())
2022-06-25 23:53:46 DEBUG | CREATE INDEX "audit_log_user_id_a1b3392d" ON "audit_log" ("user_id"); (params ())
2022-06-25 23:53:46 DEBUG | CREATE INDEX "attachment_association_issue_id_26e1259f" ON "attachment_association" ("issue_id"); (params ())
2022-06-25 23:53:59 DEBUG | DROP TABLE "siema" CASCADE; (params ())
2022-06-26 00:00:03 DEBUG | CREATE TABLE "django_migrations" ("id" bigserial NOT NULL PRIMARY KEY, "app" varchar(255) NOT NULL, "name" varchar(255) NOT NULL, "applied" timestamp with time zone NOT NULL); (params None)
2022-06-26 00:00:03 DEBUG | CREATE TABLE "django_content_type" ("id" serial NOT NULL PRIMARY KEY, "name" varchar(100) NOT NULL, "app_label" varchar(100) NOT NULL, "model" varchar(100) NOT NULL); (params None)
2022-06-26 00:00:03 DEBUG | ALTER TABLE "django_content_type" ADD CONSTRAINT "django_content_type_app_label_model_76bd3d3b_uniq" UNIQUE ("app_label", "model"); (params ())
2022-06-26 00:00:03 DEBUG | CREATE TABLE "auth_permission" ("id" serial NOT NULL PRIMARY KEY, "name" varchar(50) NOT NULL, "content_type_id" integer NOT NULL, "codename" varchar(100) NOT NULL); (params None)
2022-06-26 00:00:03 DEBUG | CREATE TABLE "auth_group" ("id" serial NOT NULL PRIMARY KEY, "name" varchar(80) NOT NULL UNIQUE); (params None)
2022-06-26 00:00:03 DEBUG | CREATE TABLE "auth_group_permissions" ("id" bigserial NOT NULL PRIMARY KEY, "group_id" integer NOT NULL, "permission_id" integer NOT NULL); (params None)
2022-06-26 00:00:03 DEBUG | CREATE TABLE "auth_user" ("id" serial NOT NULL PRIMARY KEY, "password" varchar(128) NOT NULL, "last_login" timestamp with time zone NOT NULL, "is_superuser" boolean NOT NULL, "username" varchar(30) NOT NULL UNIQUE, "first_name" varchar(30) NOT NULL, "last_name" varchar(30) NOT NULL, "email" varchar(75) NOT NULL, "is_staff" boolean NOT NULL, "is_active" boolean NOT NULL, "date_joined" timestamp with time zone NOT NULL); (params None)
2022-06-26 00:00:03 DEBUG | CREATE TABLE "auth_user_groups" ("id" bigserial NOT NULL PRIMARY KEY, "user_id" integer NOT NULL, "group_id" integer NOT NULL); (params None)
2022-06-26 00:00:03 DEBUG | CREATE TABLE "auth_user_user_permissions" ("id" bigserial NOT NULL PRIMARY KEY, "user_id" integer NOT NULL, "permission_id" integer NOT NULL); (params None)
2022-06-26 00:00:03 DEBUG | ALTER TABLE "auth_permission" ADD CONSTRAINT "auth_permission_content_type_id_codename_01ab375a_uniq" UNIQUE ("content_type_id", "codename"); (params ())
2022-06-26 00:00:03 DEBUG | ALTER TABLE "auth_permission" ADD CONSTRAINT "auth_permission_content_type_id_2f476e4b_fk_django_co" FOREIGN KEY ("content_type_id") REFERENCES "django_content_type" ("id") DEFERRABLE INITIALLY DEFERRED; (params ())
2022-06-26 00:00:03 DEBUG | CREATE INDEX "auth_permission_content_type_id_2f476e4b" ON "auth_permission" ("content_type_id"); (params ())
2022-06-26 00:00:03 DEBUG | CREATE INDEX "auth_group_name_a6ea08ec_like" ON "auth_group" ("name" varchar_pattern_ops); (params ())
2022-06-26 00:00:03 DEBUG | ALTER TABLE "auth_group_permissions" ADD CONSTRAINT "auth_group_permissions_group_id_permission_id_0cd325b0_uniq" UNIQUE ("group_id", "permission_id"); (params ())
2022-06-26 00:00:03 DEBUG | ALTER TABLE "auth_group_permissions" ADD CONSTRAINT "auth_group_permissions_group_id_b120cbf9_fk_auth_group_id" FOREIGN KEY ("group_id") REFERENCES "auth_group" ("id") DEFERRABLE INITIALLY DEFERRED; (params ())
2022-06-26 00:00:03 DEBUG | ALTER TABLE "auth_group_permissions" ADD CONSTRAINT "auth_group_permissio_permission_id_84c5c92e_fk_auth_perm" FOREIGN KEY ("permission_id") REFERENCES "auth_permission" ("id") DEFERRABLE INITIALLY DEFERRED; (params ())
2022-06-26 00:00:03 DEBUG | CREATE INDEX "auth_group_permissions_group_id_b120cbf9" ON "auth_group_permissions" ("group_id"); (params ())
2022-06-26 00:00:03 DEBUG | CREATE INDEX "auth_group_permissions_permission_id_84c5c92e" ON "auth_group_permissions" ("permission_id"); (params ())
2022-06-26 00:00:03 DEBUG | CREATE INDEX "auth_user_username_6821ab7c_like" ON "auth_user" ("username" varchar_pattern_ops); (params ())
2022-06-26 00:00:03 DEBUG | ALTER TABLE "auth_user_groups" ADD CONSTRAINT "auth_user_groups_user_id_group_id_94350c0c_uniq" UNIQUE ("user_id", "group_id"); (params ())
2022-06-26 00:00:03 DEBUG | ALTER TABLE "auth_user_groups" ADD CONSTRAINT "auth_user_groups_user_id_6a12ed8b_fk_auth_user_id" FOREIGN KEY ("user_id") REFERENCES "auth_user" ("id") DEFERRABLE INITIALLY DEFERRED; (params ())
2022-06-26 00:00:03 DEBUG | ALTER TABLE "auth_user_groups" ADD CONSTRAINT "auth_user_groups_group_id_97559544_fk_auth_group_id" FOREIGN KEY ("group_id") REFERENCES "auth_group" ("id") DEFERRABLE INITIALLY DEFERRED; (params ())
2022-06-26 00:00:03 DEBUG | CREATE INDEX "auth_user_groups_user_id_6a12ed8b" ON "auth_user_groups" ("user_id"); (params ())
2022-06-26 00:00:03 DEBUG | CREATE INDEX "auth_user_groups_group_id_97559544" ON "auth_user_groups" ("group_id"); (params ())
2022-06-26 00:00:03 DEBUG | ALTER TABLE "auth_user_user_permissions" ADD CONSTRAINT "auth_user_user_permissions_user_id_permission_id_14a6b632_uniq" UNIQUE ("user_id", "permission_id"); (params ())
2022-06-26 00:00:03 DEBUG | ALTER TABLE "auth_user_user_permissions" ADD CONSTRAINT "auth_user_user_permissions_user_id_a95ead1b_fk_auth_user_id" FOREIGN KEY ("user_id") REFERENCES "auth_user" ("id") DEFERRABLE INITIALLY DEFERRED; (params ())
2022-06-26 00:00:03 DEBUG | ALTER TABLE "auth_user_user_permissions" ADD CONSTRAINT "auth_user_user_permi_permission_id_1fbb5f2c_fk_auth_perm" FOREIGN KEY ("permission_id") REFERENCES "auth_permission" ("id") DEFERRABLE INITIALLY DEFERRED; (params ())
2022-06-26 00:00:03 DEBUG | CREATE INDEX "auth_user_user_permissions_user_id_a95ead1b" ON "auth_user_user_permissions" ("user_id"); (params ())
2022-06-26 00:00:03 DEBUG | CREATE INDEX "auth_user_user_permissions_permission_id_1fbb5f2c" ON "auth_user_user_permissions" ("permission_id"); (params ())
2022-06-26 00:00:03 DEBUG | CREATE TABLE "django_admin_log" ("id" serial NOT NULL PRIMARY KEY, "action_time" timestamp with time zone NOT NULL, "object_id" text NULL, "object_repr" varchar(200) NOT NULL, "action_flag" smallint NOT NULL CHECK ("action_flag" >= 0), "change_message" text NOT NULL, "content_type_id" integer NULL, "user_id" integer NOT NULL); (params None)
2022-06-26 00:00:03 DEBUG | ALTER TABLE "django_admin_log" ADD CONSTRAINT "django_admin_log_content_type_id_c4bce8eb_fk_django_co" FOREIGN KEY ("content_type_id") REFERENCES "django_content_type" ("id") DEFERRABLE INITIALLY DEFERRED; (params ())
2022-06-26 00:00:03 DEBUG | ALTER TABLE "django_admin_log" ADD CONSTRAINT "django_admin_log_user_id_c564eba6_fk_auth_user_id" FOREIGN KEY ("user_id") REFERENCES "auth_user" ("id") DEFERRABLE INITIALLY DEFERRED; (params ())
2022-06-26 00:00:03 DEBUG | CREATE INDEX "django_admin_log_content_type_id_c4bce8eb" ON "django_admin_log" ("content_type_id"); (params ())
2022-06-26 00:00:03 DEBUG | CREATE INDEX "django_admin_log_user_id_c564eba6" ON "django_admin_log" ("user_id"); (params ())
2022-06-26 00:00:03 DEBUG | ALTER TABLE "django_content_type" ALTER COLUMN "name" DROP NOT NULL; (params [])
2022-06-26 00:00:03 DEBUG | ALTER TABLE "django_content_type" DROP COLUMN "name" CASCADE; (params ())
2022-06-26 00:00:03 DEBUG | ALTER TABLE "auth_permission" ALTER COLUMN "name" TYPE varchar(255); (params [])
2022-06-26 00:00:03 DEBUG | ALTER TABLE "auth_user" ALTER COLUMN "email" TYPE varchar(254); (params [])
2022-06-26 00:00:03 DEBUG | ALTER TABLE "auth_user" ALTER COLUMN "last_login" DROP NOT NULL; (params [])
2022-06-26 00:00:03 DEBUG | ALTER TABLE "auth_user" ALTER COLUMN "username" TYPE varchar(150); (params [])
2022-06-26 00:00:03 DEBUG | ALTER TABLE "auth_user" ALTER COLUMN "last_name" TYPE varchar(150); (params [])
2022-06-26 00:00:03 DEBUG | ALTER TABLE "auth_group" ALTER COLUMN "name" TYPE varchar(150); (params [])
2022-06-26 00:00:03 DEBUG | ALTER TABLE "auth_user" ALTER COLUMN "first_name" TYPE varchar(150); (params [])
2022-06-26 00:00:03 DEBUG | ALTER TABLE "auth_group" ADD COLUMN "type" varchar(25) DEFAULT %s NOT NULL; (params [''])
2022-06-26 00:00:03 DEBUG | ALTER TABLE "auth_group" ALTER COLUMN "type" DROP DEFAULT; (params [])
2022-06-26 00:00:03 DEBUG | ALTER TABLE "auth_user" ADD COLUMN "avatar" varchar(500) DEFAULT %s NOT NULL; (params ['static/site/img/avatar/default-avatar.png'])
2022-06-26 00:00:03 DEBUG | ALTER TABLE "auth_user" ALTER COLUMN "avatar" DROP DEFAULT; (params [])
2022-06-26 00:00:03 DEBUG | ALTER TABLE "auth_user" RENAME COLUMN "avatar" TO "icon"; (params ())
2022-06-26 00:00:04 DEBUG | CREATE TABLE "attachment" ("id" bigserial NOT NULL PRIMARY KEY, "file" varchar(5000) NULL, "filename" varchar(255) NOT NULL, "size" integer NOT NULL, "uploaded" timestamp with time zone NOT NULL, "directory" varchar(255) NOT NULL, "user_id" integer NOT NULL); (params None)
2022-06-26 00:00:04 DEBUG | CREATE TABLE "attachment_association" ("id" bigserial NOT NULL PRIMARY KEY, "attachment_id" bigint NOT NULL); (params None)
2022-06-26 00:00:04 DEBUG | CREATE TABLE "board" ("id" bigserial NOT NULL PRIMARY KEY, "name" varchar(255) NOT NULL UNIQUE, "env_type" varchar(50) NULL); (params None)
2022-06-26 00:00:04 DEBUG | CREATE TABLE "board_column" ("id" bigserial NOT NULL PRIMARY KEY, "column_title" varchar(255) NOT NULL, "column_number" integer NOT NULL, "board_id" bigint NOT NULL); (params None)
2022-06-26 00:00:04 DEBUG | CREATE TABLE "comment" ("id" bigserial NOT NULL PRIMARY KEY, "content" text NOT NULL, "created" timestamp with time zone NOT NULL, "updated" timestamp with time zone NULL, "author_id" integer NOT NULL); (params None)
2022-06-26 00:00:04 DEBUG | CREATE TABLE "comment_association" ("id" bigserial NOT NULL PRIMARY KEY, "comment_id" bigint NOT NULL); (params None)
2022-06-26 00:00:04 DEBUG | CREATE TABLE "issue" ("id" bigserial NOT NULL PRIMARY KEY, "key" varchar(255) NOT NULL UNIQUE, "title" varchar(255) NOT NULL, "description" text NULL, "escalated" boolean NOT NULL, "suspended" boolean NOT NULL, "created" timestamp with time zone NOT NULL, "updated" timestamp with time zone NULL, "slug" varchar(55) NOT NULL, "assignee_id" integer NULL); (params None)
2022-06-26 00:00:04 DEBUG | CREATE TABLE "label" ("id" bigserial NOT NULL PRIMARY KEY, "name" varchar(255) NOT NULL UNIQUE, "description" text NULL); (params None)
2022-06-26 00:00:04 DEBUG | CREATE TABLE "priority" ("id" bigserial NOT NULL PRIMARY KEY, "name" varchar(50) NOT NULL UNIQUE, "description" text NULL, "step" integer NOT NULL, "icon" varchar(500) NOT NULL); (params None)
2022-06-26 00:00:04 DEBUG | CREATE TABLE "resolution" ("id" bigserial NOT NULL PRIMARY KEY, "name" varchar(50) NOT NULL UNIQUE, "description" text NULL); (params None)
2022-06-26 00:00:04 DEBUG | CREATE TABLE "siema" ("id" bigserial NOT NULL PRIMARY KEY, "test" varchar(50) NOT NULL); (params None)
2022-06-26 00:00:04 DEBUG | CREATE TABLE "sla_scheme" ("id" bigserial NOT NULL PRIMARY KEY, "name" varchar(255) NOT NULL UNIQUE, "reaction_time" integer NOT NULL, "resolve_time" integer NOT NULL, "hour_range" varchar(5) NOT NULL); (params None)
2022-06-26 00:00:04 DEBUG | CREATE TABLE "status" ("id" bigserial NOT NULL PRIMARY KEY, "name" varchar(50) NOT NULL UNIQUE, "description" text NULL, "color" varchar(7) NOT NULL, "resolution_id" bigint NULL); (params None)
2022-06-26 00:00:04 DEBUG | CREATE TABLE "tenant" ("id" bigserial NOT NULL PRIMARY KEY, "key" varchar(50) NOT NULL UNIQUE, "name" varchar(255) NOT NULL, "count" integer NOT NULL CHECK ("count" >= 0), "icon" varchar(500) NOT NULL, "customers_board_id" bigint NULL, "customers_group_id" integer NULL, "developers_board_id" bigint NULL, "developers_group_id" integer NULL, "operators_board_id" bigint NULL, "operators_group_id" integer NULL, "sla_id" bigint NOT NULL); (params None)
2022-06-26 00:00:04 DEBUG | CREATE TABLE "transition" ("id" bigserial NOT NULL PRIMARY KEY, "name" varchar(55) NOT NULL, "dest_status_id" bigint NULL, "src_status_id" bigint NULL); (params None)
2022-06-26 00:00:04 DEBUG | CREATE TABLE "type" ("id" bigserial NOT NULL PRIMARY KEY, "name" varchar(50) NOT NULL UNIQUE, "env_type" varchar(50) NULL, "description" text NULL, "icon" varchar(500) NOT NULL); (params None)
2022-06-26 00:00:04 DEBUG | CREATE TABLE "transition_association" ("id" bigserial NOT NULL PRIMARY KEY, "transition_id" bigint NOT NULL, "type_id" bigint NULL); (params None)
2022-06-26 00:00:04 DEBUG | CREATE TABLE "ticket_association" ("id" bigserial NOT NULL PRIMARY KEY, "dest_ticket_id" bigint NOT NULL, "src_ticket_id" bigint NOT NULL); (params None)
2022-06-26 00:00:04 DEBUG | CREATE TABLE "tenant_session" ("id" bigserial NOT NULL PRIMARY KEY, "active" boolean NOT NULL, "user_type" varchar(25) NOT NULL, "tenant_id" bigint NOT NULL, "user_id" integer NOT NULL); (params None)
2022-06-26 00:00:04 DEBUG | CREATE TABLE "label_association" ("id" bigserial NOT NULL PRIMARY KEY, "issue_id" bigint NOT NULL, "label_id" bigint NOT NULL); (params None)
2022-06-26 00:00:04 DEBUG | ALTER TABLE "issue" ADD COLUMN "priority_id" bigint DEFAULT %s NOT NULL CONSTRAINT "issue_priority_id_aaf8fcc2_fk_priority_id" REFERENCES "priority"("id") DEFERRABLE INITIALLY DEFERRED; SET CONSTRAINTS "issue_priority_id_aaf8fcc2_fk_priority_id" IMMEDIATE; (params [3])
2022-06-26 00:00:04 DEBUG | ALTER TABLE "issue" ALTER COLUMN "priority_id" DROP DEFAULT; (params [])
2022-06-26 00:00:04 DEBUG | ALTER TABLE "issue" ADD COLUMN "reporter_id" integer NOT NULL CONSTRAINT "issue_reporter_id_70f43552_fk_auth_user_id" REFERENCES "auth_user"("id") DEFERRABLE INITIALLY DEFERRED; SET CONSTRAINTS "issue_reporter_id_70f43552_fk_auth_user_id" IMMEDIATE; (params [])
2022-06-26 00:00:04 DEBUG | ALTER TABLE "issue" ADD COLUMN "resolution_id" bigint NULL CONSTRAINT "issue_resolution_id_70f6320e_fk_resolution_id" REFERENCES "resolution"("id") DEFERRABLE INITIALLY DEFERRED; SET CONSTRAINTS "issue_resolution_id_70f6320e_fk_resolution_id" IMMEDIATE; (params [])
2022-06-26 00:00:04 DEBUG | ALTER TABLE "issue" ADD COLUMN "status_id" bigint DEFAULT %s NOT NULL CONSTRAINT "issue_status_id_ace26b12_fk_status_id" REFERENCES "status"("id") DEFERRABLE INITIALLY DEFERRED; SET CONSTRAINTS "issue_status_id_ace26b12_fk_status_id" IMMEDIATE; (params [15])
2022-06-26 00:00:04 DEBUG | ALTER TABLE "issue" ALTER COLUMN "status_id" DROP DEFAULT; (params [])
2022-06-26 00:00:04 DEBUG | ALTER TABLE "issue" ADD COLUMN "tenant_id" bigint NOT NULL CONSTRAINT "issue_tenant_id_15961d7a_fk_tenant_id" REFERENCES "tenant"("id") DEFERRABLE INITIALLY DEFERRED; SET CONSTRAINTS "issue_tenant_id_15961d7a_fk_tenant_id" IMMEDIATE; (params [])
2022-06-26 00:00:04 DEBUG | ALTER TABLE "issue" ADD COLUMN "type_id" bigint DEFAULT %s NOT NULL CONSTRAINT "issue_type_id_66802d72_fk_type_id" REFERENCES "type"("id") DEFERRABLE INITIALLY DEFERRED; SET CONSTRAINTS "issue_type_id_66802d72_fk_type_id" IMMEDIATE; (params [1])
2022-06-26 00:00:04 DEBUG | ALTER TABLE "issue" ALTER COLUMN "type_id" DROP DEFAULT; (params [])
2022-06-26 00:00:04 DEBUG | ALTER TABLE "comment_association" ADD COLUMN "issue_id" bigint NOT NULL CONSTRAINT "comment_association_issue_id_2d488a3e_fk_issue_id" REFERENCES "issue"("id") DEFERRABLE INITIALLY DEFERRED; SET CONSTRAINTS "comment_association_issue_id_2d488a3e_fk_issue_id" IMMEDIATE; (params [])
2022-06-26 00:00:04 DEBUG | CREATE TABLE "board_column_association" ("id" bigserial NOT NULL PRIMARY KEY, "column_id" bigint NOT NULL, "status_id" bigint NOT NULL); (params None)
2022-06-26 00:00:04 DEBUG | CREATE TABLE "audit_log" ("id" bigserial NOT NULL PRIMARY KEY, "created" timestamp with time zone NOT NULL, "object" integer NOT NULL CHECK ("object" >= 0), "object_type" varchar(50) NOT NULL, "session" varchar(500) NOT NULL, "ip_address" inet NOT NULL, "url" varchar(200) NOT NULL, "message" text NOT NULL, "user_id" integer NOT NULL); (params None)
2022-06-26 00:00:04 DEBUG | ALTER TABLE "attachment_association" ADD COLUMN "issue_id" bigint NOT NULL CONSTRAINT "attachment_association_issue_id_26e1259f_fk_issue_id" REFERENCES "issue"("id") DEFERRABLE INITIALLY DEFERRED; SET CONSTRAINTS "attachment_association_issue_id_26e1259f_fk_issue_id" IMMEDIATE; (params [])
2022-06-26 00:00:04 DEBUG | ALTER TABLE "attachment" ADD CONSTRAINT "attachment_user_id_e495cc99_fk_auth_user_id" FOREIGN KEY ("user_id") REFERENCES "auth_user" ("id") DEFERRABLE INITIALLY DEFERRED; (params ())
2022-06-26 00:00:04 DEBUG | CREATE INDEX "attachment_user_id_e495cc99" ON "attachment" ("user_id"); (params ())
2022-06-26 00:00:04 DEBUG | ALTER TABLE "attachment_association" ADD CONSTRAINT "attachment_association_attachment_id_4cf42a17_fk_attachment_id" FOREIGN KEY ("attachment_id") REFERENCES "attachment" ("id") DEFERRABLE INITIALLY DEFERRED; (params ())
2022-06-26 00:00:04 DEBUG | CREATE INDEX "attachment_association_attachment_id_4cf42a17" ON "attachment_association" ("attachment_id"); (params ())
2022-06-26 00:00:04 DEBUG | CREATE INDEX "board_name_2905c3ae_like" ON "board" ("name" varchar_pattern_ops); (params ())
2022-06-26 00:00:04 DEBUG | ALTER TABLE "board_column" ADD CONSTRAINT "board_column_board_id_567562b6_fk_board_id" FOREIGN KEY ("board_id") REFERENCES "board" ("id") DEFERRABLE INITIALLY DEFERRED; (params ())
2022-06-26 00:00:04 DEBUG | CREATE INDEX "board_column_board_id_567562b6" ON "board_column" ("board_id"); (params ())
2022-06-26 00:00:04 DEBUG | ALTER TABLE "comment" ADD CONSTRAINT "comment_author_id_36cf9cf3_fk_auth_user_id" FOREIGN KEY ("author_id") REFERENCES "auth_user" ("id") DEFERRABLE INITIALLY DEFERRED; (params ())
2022-06-26 00:00:04 DEBUG | CREATE INDEX "comment_author_id_36cf9cf3" ON "comment" ("author_id"); (params ())
2022-06-26 00:00:04 DEBUG | ALTER TABLE "comment_association" ADD CONSTRAINT "comment_association_comment_id_19812974_fk_comment_id" FOREIGN KEY ("comment_id") REFERENCES "comment" ("id") DEFERRABLE INITIALLY DEFERRED; (params ())
2022-06-26 00:00:04 DEBUG | CREATE INDEX "comment_association_comment_id_19812974" ON "comment_association" ("comment_id"); (params ())
2022-06-26 00:00:04 DEBUG | ALTER TABLE "issue" ADD CONSTRAINT "issue_assignee_id_0f5a102f_fk_auth_user_id" FOREIGN KEY ("assignee_id") REFERENCES "auth_user" ("id") DEFERRABLE INITIALLY DEFERRED; (params ())
2022-06-26 00:00:04 DEBUG | CREATE INDEX "issue_key_d911144e_like" ON "issue" ("key" varchar_pattern_ops); (params ())
2022-06-26 00:00:04 DEBUG | CREATE INDEX "issue_slug_0bc41ce0" ON "issue" ("slug"); (params ())
2022-06-26 00:00:04 DEBUG | CREATE INDEX "issue_slug_0bc41ce0_like" ON "issue" ("slug" varchar_pattern_ops); (params ())
2022-06-26 00:00:04 DEBUG | CREATE INDEX "issue_assignee_id_0f5a102f" ON "issue" ("assignee_id"); (params ())
2022-06-26 00:00:04 DEBUG | CREATE INDEX "label_name_2ceb1ad0_like" ON "label" ("name" varchar_pattern_ops); (params ())
2022-06-26 00:00:04 DEBUG | CREATE INDEX "priority_name_0d5eec91_like" ON "priority" ("name" varchar_pattern_ops); (params ())
2022-06-26 00:00:04 DEBUG | CREATE INDEX "resolution_name_25108b4f_like" ON "resolution" ("name" varchar_pattern_ops); (params ())
2022-06-26 00:00:04 DEBUG | CREATE INDEX "sla_scheme_name_faff497e_like" ON "sla_scheme" ("name" varchar_pattern_ops); (params ())
2022-06-26 00:00:04 DEBUG | ALTER TABLE "status" ADD CONSTRAINT "status_resolution_id_f59a71eb_fk_resolution_id" FOREIGN KEY ("resolution_id") REFERENCES "resolution" ("id") DEFERRABLE INITIALLY DEFERRED; (params ())
2022-06-26 00:00:04 DEBUG | CREATE INDEX "status_name_68e1d769_like" ON "status" ("name" varchar_pattern_ops); (params ())
2022-06-26 00:00:04 DEBUG | CREATE INDEX "status_resolution_id_f59a71eb" ON "status" ("resolution_id"); (params ())
2022-06-26 00:00:04 DEBUG | ALTER TABLE "tenant" ADD CONSTRAINT "tenant_customers_board_id_db849481_fk_board_id" FOREIGN KEY ("customers_board_id") REFERENCES "board" ("id") DEFERRABLE INITIALLY DEFERRED; (params ())
2022-06-26 00:00:04 DEBUG | ALTER TABLE "tenant" ADD CONSTRAINT "tenant_customers_group_id_b427c99a_fk_auth_group_id" FOREIGN KEY ("customers_group_id") REFERENCES "auth_group" ("id") DEFERRABLE INITIALLY DEFERRED; (params ())
2022-06-26 00:00:04 DEBUG | ALTER TABLE "tenant" ADD CONSTRAINT "tenant_developers_board_id_3ced0fa5_fk_board_id" FOREIGN KEY ("developers_board_id") REFERENCES "board" ("id") DEFERRABLE INITIALLY DEFERRED; (params ())
2022-06-26 00:00:04 DEBUG | ALTER TABLE "tenant" ADD CONSTRAINT "tenant_developers_group_id_910bb5f6_fk_auth_group_id" FOREIGN KEY ("developers_group_id") REFERENCES "auth_group" ("id") DEFERRABLE INITIALLY DEFERRED; (params ())
2022-06-26 00:00:04 DEBUG | ALTER TABLE "tenant" ADD CONSTRAINT "tenant_operators_board_id_675462d6_fk_board_id" FOREIGN KEY ("operators_board_id") REFERENCES "board" ("id") DEFERRABLE INITIALLY DEFERRED; (params ())
2022-06-26 00:00:04 DEBUG | ALTER TABLE "tenant" ADD CONSTRAINT "tenant_operators_group_id_f83bb7ad_fk_auth_group_id" FOREIGN KEY ("operators_group_id") REFERENCES "auth_group" ("id") DEFERRABLE INITIALLY DEFERRED; (params ())
2022-06-26 00:00:04 DEBUG | ALTER TABLE "tenant" ADD CONSTRAINT "tenant_sla_id_e0c3a165_fk_sla_scheme_id" FOREIGN KEY ("sla_id") REFERENCES "sla_scheme" ("id") DEFERRABLE INITIALLY DEFERRED; (params ())
2022-06-26 00:00:04 DEBUG | CREATE INDEX "tenant_key_c414e243_like" ON "tenant" ("key" varchar_pattern_ops); (params ())
2022-06-26 00:00:04 DEBUG | CREATE INDEX "tenant_customers_board_id_db849481" ON "tenant" ("customers_board_id"); (params ())
2022-06-26 00:00:04 DEBUG | CREATE INDEX "tenant_customers_group_id_b427c99a" ON "tenant" ("customers_group_id"); (params ())
2022-06-26 00:00:04 DEBUG | CREATE INDEX "tenant_developers_board_id_3ced0fa5" ON "tenant" ("developers_board_id"); (params ())
2022-06-26 00:00:04 DEBUG | CREATE INDEX "tenant_developers_group_id_910bb5f6" ON "tenant" ("developers_group_id"); (params ())
2022-06-26 00:00:04 DEBUG | CREATE INDEX "tenant_operators_board_id_675462d6" ON "tenant" ("operators_board_id"); (params ())
2022-06-26 00:00:04 DEBUG | CREATE INDEX "tenant_operators_group_id_f83bb7ad" ON "tenant" ("operators_group_id"); (params ())
2022-06-26 00:00:04 DEBUG | CREATE INDEX "tenant_sla_id_e0c3a165" ON "tenant" ("sla_id"); (params ())
2022-06-26 00:00:04 DEBUG | ALTER TABLE "transition" ADD CONSTRAINT "transition_dest_status_id_56953b29_fk_status_id" FOREIGN KEY ("dest_status_id") REFERENCES "status" ("id") DEFERRABLE INITIALLY DEFERRED; (params ())
2022-06-26 00:00:04 DEBUG | ALTER TABLE "transition" ADD CONSTRAINT "transition_src_status_id_64603eb0_fk_status_id" FOREIGN KEY ("src_status_id") REFERENCES "status" ("id") DEFERRABLE INITIALLY DEFERRED; (params ())
2022-06-26 00:00:04 DEBUG | CREATE INDEX "transition_dest_status_id_56953b29" ON "transition" ("dest_status_id"); (params ())
2022-06-26 00:00:04 DEBUG | CREATE INDEX "transition_src_status_id_64603eb0" ON "transition" ("src_status_id"); (params ())
2022-06-26 00:00:04 DEBUG | CREATE INDEX "type_name_eedc2606_like" ON "type" ("name" varchar_pattern_ops); (params ())
2022-06-26 00:00:04 DEBUG | ALTER TABLE "transition_association" ADD CONSTRAINT "transition_association_type_id_transition_id_75fd25bc_uniq" UNIQUE ("type_id", "transition_id"); (params ())
2022-06-26 00:00:04 DEBUG | ALTER TABLE "transition_association" ADD CONSTRAINT "transition_association_transition_id_29f74289_fk_transition_id" FOREIGN KEY ("transition_id") REFERENCES "transition" ("id") DEFERRABLE INITIALLY DEFERRED; (params ())
2022-06-26 00:00:04 DEBUG | ALTER TABLE "transition_association" ADD CONSTRAINT "transition_association_type_id_e441b5d1_fk_type_id" FOREIGN KEY ("type_id") REFERENCES "type" ("id") DEFERRABLE INITIALLY DEFERRED; (params ())
2022-06-26 00:00:04 DEBUG | CREATE INDEX "transition_association_transition_id_29f74289" ON "transition_association" ("transition_id"); (params ())
2022-06-26 00:00:04 DEBUG | CREATE INDEX "transition_association_type_id_e441b5d1" ON "transition_association" ("type_id"); (params ())
2022-06-26 00:00:04 DEBUG | ALTER TABLE "ticket_association" ADD CONSTRAINT "ticket_association_dest_ticket_id_6a512c08_fk_issue_id" FOREIGN KEY ("dest_ticket_id") REFERENCES "issue" ("id") DEFERRABLE INITIALLY DEFERRED; (params ())
2022-06-26 00:00:04 DEBUG | ALTER TABLE "ticket_association" ADD CONSTRAINT "ticket_association_src_ticket_id_6cc999e6_fk_issue_id" FOREIGN KEY ("src_ticket_id") REFERENCES "issue" ("id") DEFERRABLE INITIALLY DEFERRED; (params ())
2022-06-26 00:00:04 DEBUG | CREATE INDEX "ticket_association_dest_ticket_id_6a512c08" ON "ticket_association" ("dest_ticket_id"); (params ())
2022-06-26 00:00:05 DEBUG | CREATE INDEX "ticket_association_src_ticket_id_6cc999e6" ON "ticket_association" ("src_ticket_id"); (params ())
2022-06-26 00:00:05 DEBUG | ALTER TABLE "tenant_session" ADD CONSTRAINT "tenant_session_tenant_id_64b79291_fk_tenant_id" FOREIGN KEY ("tenant_id") REFERENCES "tenant" ("id") DEFERRABLE INITIALLY DEFERRED; (params ())
2022-06-26 00:00:05 DEBUG | ALTER TABLE "tenant_session" ADD CONSTRAINT "tenant_session_user_id_20d6f18a_fk_auth_user_id" FOREIGN KEY ("user_id") REFERENCES "auth_user" ("id") DEFERRABLE INITIALLY DEFERRED; (params ())
2022-06-26 00:00:05 DEBUG | CREATE INDEX "tenant_session_tenant_id_64b79291" ON "tenant_session" ("tenant_id"); (params ())
2022-06-26 00:00:05 DEBUG | CREATE INDEX "tenant_session_user_id_20d6f18a" ON "tenant_session" ("user_id"); (params ())
2022-06-26 00:00:05 DEBUG | ALTER TABLE "label_association" ADD CONSTRAINT "label_association_issue_id_d45650fa_fk_issue_id" FOREIGN KEY ("issue_id") REFERENCES "issue" ("id") DEFERRABLE INITIALLY DEFERRED; (params ())
2022-06-26 00:00:05 DEBUG | ALTER TABLE "label_association" ADD CONSTRAINT "label_association_label_id_631b18a3_fk_label_id" FOREIGN KEY ("label_id") REFERENCES "label" ("id") DEFERRABLE INITIALLY DEFERRED; (params ())
2022-06-26 00:00:05 DEBUG | CREATE INDEX "label_association_issue_id_d45650fa" ON "label_association" ("issue_id"); (params ())
2022-06-26 00:00:05 DEBUG | CREATE INDEX "label_association_label_id_631b18a3" ON "label_association" ("label_id"); (params ())
2022-06-26 00:00:05 DEBUG | CREATE INDEX "issue_priority_id_aaf8fcc2" ON "issue" ("priority_id"); (params ())
2022-06-26 00:00:05 DEBUG | CREATE INDEX "issue_reporter_id_70f43552" ON "issue" ("reporter_id"); (params ())
2022-06-26 00:00:05 DEBUG | CREATE INDEX "issue_resolution_id_70f6320e" ON "issue" ("resolution_id"); (params ())
2022-06-26 00:00:05 DEBUG | CREATE INDEX "issue_status_id_ace26b12" ON "issue" ("status_id"); (params ())
2022-06-26 00:00:05 DEBUG | CREATE INDEX "issue_tenant_id_15961d7a" ON "issue" ("tenant_id"); (params ())
2022-06-26 00:00:05 DEBUG | CREATE INDEX "issue_type_id_66802d72" ON "issue" ("type_id"); (params ())
2022-06-26 00:00:05 DEBUG | CREATE INDEX "comment_association_issue_id_2d488a3e" ON "comment_association" ("issue_id"); (params ())
2022-06-26 00:00:05 DEBUG | ALTER TABLE "board_column_association" ADD CONSTRAINT "board_column_association_column_id_a26a2bb4_fk_board_column_id" FOREIGN KEY ("column_id") REFERENCES "board_column" ("id") DEFERRABLE INITIALLY DEFERRED; (params ())
2022-06-26 00:00:05 DEBUG | ALTER TABLE "board_column_association" ADD CONSTRAINT "board_column_association_status_id_f4edb0bc_fk_status_id" FOREIGN KEY ("status_id") REFERENCES "status" ("id") DEFERRABLE INITIALLY DEFERRED; (params ())
2022-06-26 00:00:05 DEBUG | CREATE INDEX "board_column_association_column_id_a26a2bb4" ON "board_column_association" ("column_id"); (params ())
2022-06-26 00:00:05 DEBUG | CREATE INDEX "board_column_association_status_id_f4edb0bc" ON "board_column_association" ("status_id"); (params ())
2022-06-26 00:00:05 DEBUG | ALTER TABLE "audit_log" ADD CONSTRAINT "audit_log_user_id_a1b3392d_fk_auth_user_id" FOREIGN KEY ("user_id") REFERENCES "auth_user" ("id") DEFERRABLE INITIALLY DEFERRED; (params ())
2022-06-26 00:00:05 DEBUG | CREATE INDEX "audit_log_user_id_a1b3392d" ON "audit_log" ("user_id"); (params ())
2022-06-26 00:00:05 DEBUG | CREATE INDEX "attachment_association_issue_id_26e1259f" ON "attachment_association" ("issue_id"); (params ())
2022-06-26 00:00:05 DEBUG | DROP TABLE "siema" CASCADE; (params ())
2022-06-26 00:00:05 DEBUG | CREATE TABLE "django_session" ("session_key" varchar(40) NOT NULL PRIMARY KEY, "session_data" text NOT NULL, "expire_date" timestamp with time zone NOT NULL); (params None)
2022-06-26 00:00:05 DEBUG | CREATE INDEX "django_session_session_key_c0390e0f_like" ON "django_session" ("session_key" varchar_pattern_ops); (params ())
2022-06-26 00:00:05 DEBUG | CREATE INDEX "django_session_expire_date_a5c62663" ON "django_session" ("expire_date"); (params ())
2022-06-26 00:00:48 DEBUG | CREATE TABLE "django_migrations" ("id" bigserial NOT NULL PRIMARY KEY, "app" varchar(255) NOT NULL, "name" varchar(255) NOT NULL, "applied" timestamp with time zone NOT NULL); (params None)
2022-06-26 00:00:48 DEBUG | CREATE TABLE "django_content_type" ("id" serial NOT NULL PRIMARY KEY, "name" varchar(100) NOT NULL, "app_label" varchar(100) NOT NULL, "model" varchar(100) NOT NULL); (params None)
2022-06-26 00:00:48 DEBUG | ALTER TABLE "django_content_type" ADD CONSTRAINT "django_content_type_app_label_model_76bd3d3b_uniq" UNIQUE ("app_label", "model"); (params ())
2022-06-26 00:00:48 DEBUG | CREATE TABLE "auth_permission" ("id" serial NOT NULL PRIMARY KEY, "name" varchar(50) NOT NULL, "content_type_id" integer NOT NULL, "codename" varchar(100) NOT NULL); (params None)
2022-06-26 00:00:48 DEBUG | CREATE TABLE "auth_group" ("id" serial NOT NULL PRIMARY KEY, "name" varchar(80) NOT NULL UNIQUE); (params None)
2022-06-26 00:00:48 DEBUG | CREATE TABLE "auth_group_permissions" ("id" bigserial NOT NULL PRIMARY KEY, "group_id" integer NOT NULL, "permission_id" integer NOT NULL); (params None)
2022-06-26 00:00:48 DEBUG | CREATE TABLE "auth_user" ("id" serial NOT NULL PRIMARY KEY, "password" varchar(128) NOT NULL, "last_login" timestamp with time zone NOT NULL, "is_superuser" boolean NOT NULL, "username" varchar(30) NOT NULL UNIQUE, "first_name" varchar(30) NOT NULL, "last_name" varchar(30) NOT NULL, "email" varchar(75) NOT NULL, "is_staff" boolean NOT NULL, "is_active" boolean NOT NULL, "date_joined" timestamp with time zone NOT NULL); (params None)
2022-06-26 00:00:48 DEBUG | CREATE TABLE "auth_user_groups" ("id" bigserial NOT NULL PRIMARY KEY, "user_id" integer NOT NULL, "group_id" integer NOT NULL); (params None)
2022-06-26 00:00:48 DEBUG | CREATE TABLE "auth_user_user_permissions" ("id" bigserial NOT NULL PRIMARY KEY, "user_id" integer NOT NULL, "permission_id" integer NOT NULL); (params None)
2022-06-26 00:00:48 DEBUG | ALTER TABLE "auth_permission" ADD CONSTRAINT "auth_permission_content_type_id_codename_01ab375a_uniq" UNIQUE ("content_type_id", "codename"); (params ())
2022-06-26 00:00:48 DEBUG | ALTER TABLE "auth_permission" ADD CONSTRAINT "auth_permission_content_type_id_2f476e4b_fk_django_co" FOREIGN KEY ("content_type_id") REFERENCES "django_content_type" ("id") DEFERRABLE INITIALLY DEFERRED; (params ())
2022-06-26 00:00:48 DEBUG | CREATE INDEX "auth_permission_content_type_id_2f476e4b" ON "auth_permission" ("content_type_id"); (params ())
2022-06-26 00:00:48 DEBUG | CREATE INDEX "auth_group_name_a6ea08ec_like" ON "auth_group" ("name" varchar_pattern_ops); (params ())
2022-06-26 00:00:48 DEBUG | ALTER TABLE "auth_group_permissions" ADD CONSTRAINT "auth_group_permissions_group_id_permission_id_0cd325b0_uniq" UNIQUE ("group_id", "permission_id"); (params ())
2022-06-26 00:00:48 DEBUG | ALTER TABLE "auth_group_permissions" ADD CONSTRAINT "auth_group_permissions_group_id_b120cbf9_fk_auth_group_id" FOREIGN KEY ("group_id") REFERENCES "auth_group" ("id") DEFERRABLE INITIALLY DEFERRED; (params ())
2022-06-26 00:00:48 DEBUG | ALTER TABLE "auth_group_permissions" ADD CONSTRAINT "auth_group_permissio_permission_id_84c5c92e_fk_auth_perm" FOREIGN KEY ("permission_id") REFERENCES "auth_permission" ("id") DEFERRABLE INITIALLY DEFERRED; (params ())
2022-06-26 00:00:48 DEBUG | CREATE INDEX "auth_group_permissions_group_id_b120cbf9" ON "auth_group_permissions" ("group_id"); (params ())
2022-06-26 00:00:48 DEBUG | CREATE INDEX "auth_group_permissions_permission_id_84c5c92e" ON "auth_group_permissions" ("permission_id"); (params ())
2022-06-26 00:00:48 DEBUG | CREATE INDEX "auth_user_username_6821ab7c_like" ON "auth_user" ("username" varchar_pattern_ops); (params ())
2022-06-26 00:00:48 DEBUG | ALTER TABLE "auth_user_groups" ADD CONSTRAINT "auth_user_groups_user_id_group_id_94350c0c_uniq" UNIQUE ("user_id", "group_id"); (params ())
2022-06-26 00:00:48 DEBUG | ALTER TABLE "auth_user_groups" ADD CONSTRAINT "auth_user_groups_user_id_6a12ed8b_fk_auth_user_id" FOREIGN KEY ("user_id") REFERENCES "auth_user" ("id") DEFERRABLE INITIALLY DEFERRED; (params ())
2022-06-26 00:00:48 DEBUG | ALTER TABLE "auth_user_groups" ADD CONSTRAINT "auth_user_groups_group_id_97559544_fk_auth_group_id" FOREIGN KEY ("group_id") REFERENCES "auth_group" ("id") DEFERRABLE INITIALLY DEFERRED; (params ())
2022-06-26 00:00:48 DEBUG | CREATE INDEX "auth_user_groups_user_id_6a12ed8b" ON "auth_user_groups" ("user_id"); (params ())
2022-06-26 00:00:48 DEBUG | CREATE INDEX "auth_user_groups_group_id_97559544" ON "auth_user_groups" ("group_id"); (params ())
2022-06-26 00:00:48 DEBUG | ALTER TABLE "auth_user_user_permissions" ADD CONSTRAINT "auth_user_user_permissions_user_id_permission_id_14a6b632_uniq" UNIQUE ("user_id", "permission_id"); (params ())
2022-06-26 00:00:48 DEBUG | ALTER TABLE "auth_user_user_permissions" ADD CONSTRAINT "auth_user_user_permissions_user_id_a95ead1b_fk_auth_user_id" FOREIGN KEY ("user_id") REFERENCES "auth_user" ("id") DEFERRABLE INITIALLY DEFERRED; (params ())
2022-06-26 00:00:48 DEBUG | ALTER TABLE "auth_user_user_permissions" ADD CONSTRAINT "auth_user_user_permi_permission_id_1fbb5f2c_fk_auth_perm" FOREIGN KEY ("permission_id") REFERENCES "auth_permission" ("id") DEFERRABLE INITIALLY DEFERRED; (params ())
2022-06-26 00:00:48 DEBUG | CREATE INDEX "auth_user_user_permissions_user_id_a95ead1b" ON "auth_user_user_permissions" ("user_id"); (params ())
2022-06-26 00:00:48 DEBUG | CREATE INDEX "auth_user_user_permissions_permission_id_1fbb5f2c" ON "auth_user_user_permissions" ("permission_id"); (params ())
2022-06-26 00:00:48 DEBUG | CREATE TABLE "django_admin_log" ("id" serial NOT NULL PRIMARY KEY, "action_time" timestamp with time zone NOT NULL, "object_id" text NULL, "object_repr" varchar(200) NOT NULL, "action_flag" smallint NOT NULL CHECK ("action_flag" >= 0), "change_message" text NOT NULL, "content_type_id" integer NULL, "user_id" integer NOT NULL); (params None)
2022-06-26 00:00:48 DEBUG | ALTER TABLE "django_admin_log" ADD CONSTRAINT "django_admin_log_content_type_id_c4bce8eb_fk_django_co" FOREIGN KEY ("content_type_id") REFERENCES "django_content_type" ("id") DEFERRABLE INITIALLY DEFERRED; (params ())
2022-06-26 00:00:48 DEBUG | ALTER TABLE "django_admin_log" ADD CONSTRAINT "django_admin_log_user_id_c564eba6_fk_auth_user_id" FOREIGN KEY ("user_id") REFERENCES "auth_user" ("id") DEFERRABLE INITIALLY DEFERRED; (params ())
2022-06-26 00:00:48 DEBUG | CREATE INDEX "django_admin_log_content_type_id_c4bce8eb" ON "django_admin_log" ("content_type_id"); (params ())
2022-06-26 00:00:48 DEBUG | CREATE INDEX "django_admin_log_user_id_c564eba6" ON "django_admin_log" ("user_id"); (params ())
2022-06-26 00:00:48 DEBUG | ALTER TABLE "django_content_type" ALTER COLUMN "name" DROP NOT NULL; (params [])
2022-06-26 00:00:49 DEBUG | ALTER TABLE "django_content_type" DROP COLUMN "name" CASCADE; (params ())
2022-06-26 00:00:49 DEBUG | ALTER TABLE "auth_permission" ALTER COLUMN "name" TYPE varchar(255); (params [])
2022-06-26 00:00:49 DEBUG | ALTER TABLE "auth_user" ALTER COLUMN "email" TYPE varchar(254); (params [])
2022-06-26 00:00:49 DEBUG | ALTER TABLE "auth_user" ALTER COLUMN "last_login" DROP NOT NULL; (params [])
2022-06-26 00:00:49 DEBUG | ALTER TABLE "auth_user" ALTER COLUMN "username" TYPE varchar(150); (params [])
2022-06-26 00:00:49 DEBUG | ALTER TABLE "auth_user" ALTER COLUMN "last_name" TYPE varchar(150); (params [])
2022-06-26 00:00:49 DEBUG | ALTER TABLE "auth_group" ALTER COLUMN "name" TYPE varchar(150); (params [])
2022-06-26 00:00:49 DEBUG | ALTER TABLE "auth_user" ALTER COLUMN "first_name" TYPE varchar(150); (params [])
2022-06-26 00:00:49 DEBUG | ALTER TABLE "auth_group" ADD COLUMN "type" varchar(25) DEFAULT %s NOT NULL; (params [''])
2022-06-26 00:00:49 DEBUG | ALTER TABLE "auth_group" ALTER COLUMN "type" DROP DEFAULT; (params [])
2022-06-26 00:00:49 DEBUG | ALTER TABLE "auth_user" ADD COLUMN "avatar" varchar(500) DEFAULT %s NOT NULL; (params ['static/site/img/avatar/default-avatar.png'])
2022-06-26 00:00:49 DEBUG | ALTER TABLE "auth_user" ALTER COLUMN "avatar" DROP DEFAULT; (params [])
2022-06-26 00:00:49 DEBUG | ALTER TABLE "auth_user" RENAME COLUMN "avatar" TO "icon"; (params ())
2022-06-26 00:00:49 DEBUG | CREATE TABLE "django_session" ("session_key" varchar(40) NOT NULL PRIMARY KEY, "session_data" text NOT NULL, "expire_date" timestamp with time zone NOT NULL); (params None)
2022-06-26 00:00:49 DEBUG | CREATE INDEX "django_session_session_key_c0390e0f_like" ON "django_session" ("session_key" varchar_pattern_ops); (params ())
2022-06-26 00:00:49 DEBUG | CREATE INDEX "django_session_expire_date_a5c62663" ON "django_session" ("expire_date"); (params ())
2022-06-26 00:01:16 DEBUG | CREATE TABLE "attachment" ("id" bigserial NOT NULL PRIMARY KEY, "file" varchar(5000) NULL, "filename" varchar(255) NOT NULL, "size" integer NOT NULL, "uploaded" timestamp with time zone NOT NULL, "directory" varchar(255) NOT NULL, "user_id" integer NOT NULL); (params None)
2022-06-26 00:01:16 DEBUG | CREATE TABLE "attachment_association" ("id" bigserial NOT NULL PRIMARY KEY, "attachment_id" bigint NOT NULL); (params None)
2022-06-26 00:01:16 DEBUG | CREATE TABLE "board" ("id" bigserial NOT NULL PRIMARY KEY, "name" varchar(255) NOT NULL UNIQUE, "env_type" varchar(50) NULL); (params None)
2022-06-26 00:01:16 DEBUG | CREATE TABLE "board_column" ("id" bigserial NOT NULL PRIMARY KEY, "column_title" varchar(255) NOT NULL, "column_number" integer NOT NULL, "board_id" bigint NOT NULL); (params None)
2022-06-26 00:01:16 DEBUG | CREATE TABLE "comment" ("id" bigserial NOT NULL PRIMARY KEY, "content" text NOT NULL, "created" timestamp with time zone NOT NULL, "updated" timestamp with time zone NULL, "author_id" integer NOT NULL); (params None)
2022-06-26 00:01:16 DEBUG | CREATE TABLE "comment_association" ("id" bigserial NOT NULL PRIMARY KEY, "comment_id" bigint NOT NULL); (params None)
2022-06-26 00:01:16 DEBUG | CREATE TABLE "label" ("id" bigserial NOT NULL PRIMARY KEY, "name" varchar(255) NOT NULL UNIQUE, "description" text NULL); (params None)
2022-06-26 00:01:16 DEBUG | CREATE TABLE "label_association" ("id" bigserial NOT NULL PRIMARY KEY, "label_id" bigint NOT NULL); (params None)
2022-06-26 00:01:16 DEBUG | CREATE TABLE "priority" ("id" bigserial NOT NULL PRIMARY KEY, "name" varchar(50) NOT NULL UNIQUE, "description" text NULL, "step" integer NOT NULL, "icon" varchar(500) NOT NULL); (params None)
2022-06-26 00:01:16 DEBUG | CREATE TABLE "resolution" ("id" bigserial NOT NULL PRIMARY KEY, "name" varchar(50) NOT NULL UNIQUE, "description" text NULL); (params None)
2022-06-26 00:01:16 DEBUG | CREATE TABLE "sla_scheme" ("id" bigserial NOT NULL PRIMARY KEY, "name" varchar(255) NOT NULL UNIQUE, "reaction_time" integer NOT NULL, "resolve_time" integer NOT NULL, "hour_range" varchar(5) NOT NULL); (params None)
2022-06-26 00:01:16 DEBUG | CREATE TABLE "status" ("id" bigserial NOT NULL PRIMARY KEY, "name" varchar(50) NOT NULL UNIQUE, "description" text NULL, "color" varchar(7) NOT NULL, "resolution_id" bigint NULL); (params None)
2022-06-26 00:01:16 DEBUG | CREATE TABLE "tenant" ("id" bigserial NOT NULL PRIMARY KEY, "key" varchar(50) NOT NULL UNIQUE, "name" varchar(255) NOT NULL, "count" integer NOT NULL CHECK ("count" >= 0), "icon" varchar(500) NOT NULL, "customers_board_id" bigint NULL, "customers_group_id" integer NULL, "developers_board_id" bigint NULL, "developers_group_id" integer NULL, "operators_board_id" bigint NULL, "operators_group_id" integer NULL, "sla_id" bigint NOT NULL); (params None)
2022-06-26 00:01:16 DEBUG | CREATE TABLE "ticket" ("id" bigserial NOT NULL PRIMARY KEY, "key" varchar(255) NOT NULL UNIQUE, "title" varchar(255) NOT NULL, "description" text NULL, "escalated" boolean NOT NULL, "suspended" boolean NOT NULL, "created" timestamp with time zone NOT NULL, "updated" timestamp with time zone NULL, "slug" varchar(55) NOT NULL, "assignee_id" integer NULL, "priority_id" bigint NOT NULL); (params None)
2022-06-26 00:01:16 DEBUG | CREATE TABLE "transition" ("id" bigserial NOT NULL PRIMARY KEY, "name" varchar(55) NOT NULL, "dest_status_id" bigint NULL, "src_status_id" bigint NULL); (params None)
2022-06-26 00:01:16 DEBUG | CREATE TABLE "type" ("id" bigserial NOT NULL PRIMARY KEY, "name" varchar(50) NOT NULL UNIQUE, "env_type" varchar(50) NULL, "description" text NULL, "icon" varchar(500) NOT NULL); (params None)
2022-06-26 00:01:16 DEBUG | CREATE TABLE "transition_association" ("id" bigserial NOT NULL PRIMARY KEY, "transition_id" bigint NOT NULL, "type_id" bigint NULL); (params None)
2022-06-26 00:01:16 DEBUG | CREATE TABLE "ticket_association" ("id" bigserial NOT NULL PRIMARY KEY, "dest_ticket_id" bigint NOT NULL, "src_ticket_id" bigint NOT NULL); (params None)
2022-06-26 00:01:17 DEBUG | ALTER TABLE "ticket" ADD COLUMN "reporter_id" integer NOT NULL CONSTRAINT "ticket_reporter_id_12970af5_fk_auth_user_id" REFERENCES "auth_user"("id") DEFERRABLE INITIALLY DEFERRED; SET CONSTRAINTS "ticket_reporter_id_12970af5_fk_auth_user_id" IMMEDIATE; (params [])
2022-06-26 00:01:17 DEBUG | ALTER TABLE "ticket" ADD COLUMN "resolution_id" bigint NULL CONSTRAINT "ticket_resolution_id_6f89b701_fk_resolution_id" REFERENCES "resolution"("id") DEFERRABLE INITIALLY DEFERRED; SET CONSTRAINTS "ticket_resolution_id_6f89b701_fk_resolution_id" IMMEDIATE; (params [])
2022-06-26 00:01:17 DEBUG | ALTER TABLE "ticket" ADD COLUMN "status_id" bigint DEFAULT %s NOT NULL CONSTRAINT "ticket_status_id_dd9a72a7_fk_status_id" REFERENCES "status"("id") DEFERRABLE INITIALLY DEFERRED; SET CONSTRAINTS "ticket_status_id_dd9a72a7_fk_status_id" IMMEDIATE; (params [15])
2022-06-26 00:01:17 DEBUG | ALTER TABLE "ticket" ALTER COLUMN "status_id" DROP DEFAULT; (params [])
2022-06-26 00:01:17 DEBUG | ALTER TABLE "ticket" ADD COLUMN "tenant_id" bigint NOT NULL CONSTRAINT "ticket_tenant_id_3a2cc67a_fk_tenant_id" REFERENCES "tenant"("id") DEFERRABLE INITIALLY DEFERRED; SET CONSTRAINTS "ticket_tenant_id_3a2cc67a_fk_tenant_id" IMMEDIATE; (params [])
2022-06-26 00:01:17 DEBUG | ALTER TABLE "ticket" ADD COLUMN "type_id" bigint DEFAULT %s NOT NULL CONSTRAINT "ticket_type_id_005312a3_fk_type_id" REFERENCES "type"("id") DEFERRABLE INITIALLY DEFERRED; SET CONSTRAINTS "ticket_type_id_005312a3_fk_type_id" IMMEDIATE; (params [1])
2022-06-26 00:01:17 DEBUG | ALTER TABLE "ticket" ALTER COLUMN "type_id" DROP DEFAULT; (params [])
2022-06-26 00:01:17 DEBUG | CREATE TABLE "tenant_session" ("id" bigserial NOT NULL PRIMARY KEY, "active" boolean NOT NULL, "user_type" varchar(25) NOT NULL, "tenant_id" bigint NOT NULL, "user_id" integer NOT NULL); (params None)
2022-06-26 00:01:17 DEBUG | ALTER TABLE "label_association" ADD COLUMN "ticket_id" bigint NOT NULL CONSTRAINT "label_association_ticket_id_964f02c6_fk_ticket_id" REFERENCES "ticket"("id") DEFERRABLE INITIALLY DEFERRED; SET CONSTRAINTS "label_association_ticket_id_964f02c6_fk_ticket_id" IMMEDIATE; (params [])
2022-06-26 00:01:17 DEBUG | ALTER TABLE "comment_association" ADD COLUMN "ticket_id" bigint NOT NULL CONSTRAINT "comment_association_ticket_id_fa435bb6_fk_ticket_id" REFERENCES "ticket"("id") DEFERRABLE INITIALLY DEFERRED; SET CONSTRAINTS "comment_association_ticket_id_fa435bb6_fk_ticket_id" IMMEDIATE; (params [])
2022-06-26 00:01:17 DEBUG | CREATE TABLE "board_column_association" ("id" bigserial NOT NULL PRIMARY KEY, "column_id" bigint NOT NULL, "status_id" bigint NOT NULL); (params None)
2022-06-26 00:01:17 DEBUG | CREATE TABLE "audit_log" ("id" bigserial NOT NULL PRIMARY KEY, "created" timestamp with time zone NOT NULL, "object" integer NOT NULL CHECK ("object" >= 0), "object_type" varchar(50) NOT NULL, "session" varchar(500) NOT NULL, "ip_address" inet NOT NULL, "url" varchar(200) NOT NULL, "message" text NOT NULL, "user_id" integer NOT NULL); (params None)
2022-06-26 00:01:17 DEBUG | ALTER TABLE "attachment_association" ADD COLUMN "ticket_id" bigint NOT NULL CONSTRAINT "attachment_association_ticket_id_f9b3ae44_fk_ticket_id" REFERENCES "ticket"("id") DEFERRABLE INITIALLY DEFERRED; SET CONSTRAINTS "attachment_association_ticket_id_f9b3ae44_fk_ticket_id" IMMEDIATE; (params [])
2022-06-26 00:01:17 DEBUG | ALTER TABLE "attachment" ADD CONSTRAINT "attachment_user_id_e495cc99_fk_auth_user_id" FOREIGN KEY ("user_id") REFERENCES "auth_user" ("id") DEFERRABLE INITIALLY DEFERRED; (params ())
2022-06-26 00:01:17 DEBUG | CREATE INDEX "attachment_user_id_e495cc99" ON "attachment" ("user_id"); (params ())
2022-06-26 00:01:17 DEBUG | ALTER TABLE "attachment_association" ADD CONSTRAINT "attachment_association_attachment_id_4cf42a17_fk_attachment_id" FOREIGN KEY ("attachment_id") REFERENCES "attachment" ("id") DEFERRABLE INITIALLY DEFERRED; (params ())
2022-06-26 00:01:17 DEBUG | CREATE INDEX "attachment_association_attachment_id_4cf42a17" ON "attachment_association" ("attachment_id"); (params ())
2022-06-26 00:01:17 DEBUG | CREATE INDEX "board_name_2905c3ae_like" ON "board" ("name" varchar_pattern_ops); (params ())
2022-06-26 00:01:17 DEBUG | ALTER TABLE "board_column" ADD CONSTRAINT "board_column_board_id_567562b6_fk_board_id" FOREIGN KEY ("board_id") REFERENCES "board" ("id") DEFERRABLE INITIALLY DEFERRED; (params ())
2022-06-26 00:01:17 DEBUG | CREATE INDEX "board_column_board_id_567562b6" ON "board_column" ("board_id"); (params ())
2022-06-26 00:01:17 DEBUG | ALTER TABLE "comment" ADD CONSTRAINT "comment_author_id_36cf9cf3_fk_auth_user_id" FOREIGN KEY ("author_id") REFERENCES "auth_user" ("id") DEFERRABLE INITIALLY DEFERRED; (params ())
2022-06-26 00:01:17 DEBUG | CREATE INDEX "comment_author_id_36cf9cf3" ON "comment" ("author_id"); (params ())
2022-06-26 00:01:17 DEBUG | ALTER TABLE "comment_association" ADD CONSTRAINT "comment_association_comment_id_19812974_fk_comment_id" FOREIGN KEY ("comment_id") REFERENCES "comment" ("id") DEFERRABLE INITIALLY DEFERRED; (params ())
2022-06-26 00:01:17 DEBUG | CREATE INDEX "comment_association_comment_id_19812974" ON "comment_association" ("comment_id"); (params ())
2022-06-26 00:01:17 DEBUG | CREATE INDEX "label_name_2ceb1ad0_like" ON "label" ("name" varchar_pattern_ops); (params ())
2022-06-26 00:01:17 DEBUG | ALTER TABLE "label_association" ADD CONSTRAINT "label_association_label_id_631b18a3_fk_label_id" FOREIGN KEY ("label_id") REFERENCES "label" ("id") DEFERRABLE INITIALLY DEFERRED; (params ())
2022-06-26 00:01:17 DEBUG | CREATE INDEX "label_association_label_id_631b18a3" ON "label_association" ("label_id"); (params ())
2022-06-26 00:01:17 DEBUG | CREATE INDEX "priority_name_0d5eec91_like" ON "priority" ("name" varchar_pattern_ops); (params ())
2022-06-26 00:01:17 DEBUG | CREATE INDEX "resolution_name_25108b4f_like" ON "resolution" ("name" varchar_pattern_ops); (params ())
2022-06-26 00:01:17 DEBUG | CREATE INDEX "sla_scheme_name_faff497e_like" ON "sla_scheme" ("name" varchar_pattern_ops); (params ())
2022-06-26 00:01:17 DEBUG | ALTER TABLE "status" ADD CONSTRAINT "status_resolution_id_f59a71eb_fk_resolution_id" FOREIGN KEY ("resolution_id") REFERENCES "resolution" ("id") DEFERRABLE INITIALLY DEFERRED; (params ())
2022-06-26 00:01:17 DEBUG | CREATE INDEX "status_name_68e1d769_like" ON "status" ("name" varchar_pattern_ops); (params ())
2022-06-26 00:01:17 DEBUG | CREATE INDEX "status_resolution_id_f59a71eb" ON "status" ("resolution_id"); (params ())
2022-06-26 00:01:17 DEBUG | ALTER TABLE "tenant" ADD CONSTRAINT "tenant_customers_board_id_db849481_fk_board_id" FOREIGN KEY ("customers_board_id") REFERENCES "board" ("id") DEFERRABLE INITIALLY DEFERRED; (params ())
2022-06-26 00:01:17 DEBUG | ALTER TABLE "tenant" ADD CONSTRAINT "tenant_customers_group_id_b427c99a_fk_auth_group_id" FOREIGN KEY ("customers_group_id") REFERENCES "auth_group" ("id") DEFERRABLE INITIALLY DEFERRED; (params ())
2022-06-26 00:01:17 DEBUG | ALTER TABLE "tenant" ADD CONSTRAINT "tenant_developers_board_id_3ced0fa5_fk_board_id" FOREIGN KEY ("developers_board_id") REFERENCES "board" ("id") DEFERRABLE INITIALLY DEFERRED; (params ())
2022-06-26 00:01:17 DEBUG | ALTER TABLE "tenant" ADD CONSTRAINT "tenant_developers_group_id_910bb5f6_fk_auth_group_id" FOREIGN KEY ("developers_group_id") REFERENCES "auth_group" ("id") DEFERRABLE INITIALLY DEFERRED; (params ())
2022-06-26 00:01:17 DEBUG | ALTER TABLE "tenant" ADD CONSTRAINT "tenant_operators_board_id_675462d6_fk_board_id" FOREIGN KEY ("operators_board_id") REFERENCES "board" ("id") DEFERRABLE INITIALLY DEFERRED; (params ())
2022-06-26 00:01:17 DEBUG | ALTER TABLE "tenant" ADD CONSTRAINT "tenant_operators_group_id_f83bb7ad_fk_auth_group_id" FOREIGN KEY ("operators_group_id") REFERENCES "auth_group" ("id") DEFERRABLE INITIALLY DEFERRED; (params ())
2022-06-26 00:01:17 DEBUG | ALTER TABLE "tenant" ADD CONSTRAINT "tenant_sla_id_e0c3a165_fk_sla_scheme_id" FOREIGN KEY ("sla_id") REFERENCES "sla_scheme" ("id") DEFERRABLE INITIALLY DEFERRED; (params ())
2022-06-26 00:01:17 DEBUG | CREATE INDEX "tenant_key_c414e243_like" ON "tenant" ("key" varchar_pattern_ops); (params ())
2022-06-26 00:01:17 DEBUG | CREATE INDEX "tenant_customers_board_id_db849481" ON "tenant" ("customers_board_id"); (params ())
2022-06-26 00:01:17 DEBUG | CREATE INDEX "tenant_customers_group_id_b427c99a" ON "tenant" ("customers_group_id"); (params ())
2022-06-26 00:01:17 DEBUG | CREATE INDEX "tenant_developers_board_id_3ced0fa5" ON "tenant" ("developers_board_id"); (params ())
2022-06-26 00:01:17 DEBUG | CREATE INDEX "tenant_developers_group_id_910bb5f6" ON "tenant" ("developers_group_id"); (params ())
2022-06-26 00:01:17 DEBUG | CREATE INDEX "tenant_operators_board_id_675462d6" ON "tenant" ("operators_board_id"); (params ())
2022-06-26 00:01:17 DEBUG | CREATE INDEX "tenant_operators_group_id_f83bb7ad" ON "tenant" ("operators_group_id"); (params ())
2022-06-26 00:01:17 DEBUG | CREATE INDEX "tenant_sla_id_e0c3a165" ON "tenant" ("sla_id"); (params ())
2022-06-26 00:01:17 DEBUG | ALTER TABLE "ticket" ADD CONSTRAINT "ticket_assignee_id_389d3f7b_fk_auth_user_id" FOREIGN KEY ("assignee_id") REFERENCES "auth_user" ("id") DEFERRABLE INITIALLY DEFERRED; (params ())
2022-06-26 00:01:17 DEBUG | ALTER TABLE "ticket" ADD CONSTRAINT "ticket_priority_id_a536525c_fk_priority_id" FOREIGN KEY ("priority_id") REFERENCES "priority" ("id") DEFERRABLE INITIALLY DEFERRED; (params ())
2022-06-26 00:01:17 DEBUG | CREATE INDEX "ticket_key_5d2f1f61_like" ON "ticket" ("key" varchar_pattern_ops); (params ())
2022-06-26 00:01:17 DEBUG | CREATE INDEX "ticket_slug_10de2ceb" ON "ticket" ("slug"); (params ())
2022-06-26 00:01:17 DEBUG | CREATE INDEX "ticket_slug_10de2ceb_like" ON "ticket" ("slug" varchar_pattern_ops); (params ())
2022-06-26 00:01:17 DEBUG | CREATE INDEX "ticket_assignee_id_389d3f7b" ON "ticket" ("assignee_id"); (params ())
2022-06-26 00:01:17 DEBUG | CREATE INDEX "ticket_priority_id_a536525c" ON "ticket" ("priority_id"); (params ())
2022-06-26 00:01:17 DEBUG | ALTER TABLE "transition" ADD CONSTRAINT "transition_dest_status_id_56953b29_fk_status_id" FOREIGN KEY ("dest_status_id") REFERENCES "status" ("id") DEFERRABLE INITIALLY DEFERRED; (params ())
2022-06-26 00:01:17 DEBUG | ALTER TABLE "transition" ADD CONSTRAINT "transition_src_status_id_64603eb0_fk_status_id" FOREIGN KEY ("src_status_id") REFERENCES "status" ("id") DEFERRABLE INITIALLY DEFERRED; (params ())
2022-06-26 00:01:17 DEBUG | CREATE INDEX "transition_dest_status_id_56953b29" ON "transition" ("dest_status_id"); (params ())
2022-06-26 00:01:17 DEBUG | CREATE INDEX "transition_src_status_id_64603eb0" ON "transition" ("src_status_id"); (params ())
2022-06-26 00:01:17 DEBUG | CREATE INDEX "type_name_eedc2606_like" ON "type" ("name" varchar_pattern_ops); (params ())
2022-06-26 00:01:17 DEBUG | ALTER TABLE "transition_association" ADD CONSTRAINT "transition_association_type_id_transition_id_75fd25bc_uniq" UNIQUE ("type_id", "transition_id"); (params ())
2022-06-26 00:01:17 DEBUG | ALTER TABLE "transition_association" ADD CONSTRAINT "transition_association_transition_id_29f74289_fk_transition_id" FOREIGN KEY ("transition_id") REFERENCES "transition" ("id") DEFERRABLE INITIALLY DEFERRED; (params ())
2022-06-26 00:01:17 DEBUG | ALTER TABLE "transition_association" ADD CONSTRAINT "transition_association_type_id_e441b5d1_fk_type_id" FOREIGN KEY ("type_id") REFERENCES "type" ("id") DEFERRABLE INITIALLY DEFERRED; (params ())
2022-06-26 00:01:17 DEBUG | CREATE INDEX "transition_association_transition_id_29f74289" ON "transition_association" ("transition_id"); (params ())
2022-06-26 00:01:17 DEBUG | CREATE INDEX "transition_association_type_id_e441b5d1" ON "transition_association" ("type_id"); (params ())
2022-06-26 00:01:17 DEBUG | ALTER TABLE "ticket_association" ADD CONSTRAINT "ticket_association_dest_ticket_id_6a512c08_fk_ticket_id" FOREIGN KEY ("dest_ticket_id") REFERENCES "ticket" ("id") DEFERRABLE INITIALLY DEFERRED; (params ())
2022-06-26 00:01:17 DEBUG | ALTER TABLE "ticket_association" ADD CONSTRAINT "ticket_association_src_ticket_id_6cc999e6_fk_ticket_id" FOREIGN KEY ("src_ticket_id") REFERENCES "ticket" ("id") DEFERRABLE INITIALLY DEFERRED; (params ())
2022-06-26 00:01:17 DEBUG | CREATE INDEX "ticket_association_dest_ticket_id_6a512c08" ON "ticket_association" ("dest_ticket_id"); (params ())
2022-06-26 00:01:17 DEBUG | CREATE INDEX "ticket_association_src_ticket_id_6cc999e6" ON "ticket_association" ("src_ticket_id"); (params ())
2022-06-26 00:01:17 DEBUG | CREATE INDEX "ticket_reporter_id_12970af5" ON "ticket" ("reporter_id"); (params ())
2022-06-26 00:01:17 DEBUG | CREATE INDEX "ticket_resolution_id_6f89b701" ON "ticket" ("resolution_id"); (params ())
2022-06-26 00:01:17 DEBUG | CREATE INDEX "ticket_status_id_dd9a72a7" ON "ticket" ("status_id"); (params ())
2022-06-26 00:01:17 DEBUG | CREATE INDEX "ticket_tenant_id_3a2cc67a" ON "ticket" ("tenant_id"); (params ())
2022-06-26 00:01:17 DEBUG | CREATE INDEX "ticket_type_id_005312a3" ON "ticket" ("type_id"); (params ())
2022-06-26 00:01:17 DEBUG | ALTER TABLE "tenant_session" ADD CONSTRAINT "tenant_session_tenant_id_64b79291_fk_tenant_id" FOREIGN KEY ("tenant_id") REFERENCES "tenant" ("id") DEFERRABLE INITIALLY DEFERRED; (params ())
2022-06-26 00:01:17 DEBUG | ALTER TABLE "tenant_session" ADD CONSTRAINT "tenant_session_user_id_20d6f18a_fk_auth_user_id" FOREIGN KEY ("user_id") REFERENCES "auth_user" ("id") DEFERRABLE INITIALLY DEFERRED; (params ())
2022-06-26 00:01:17 DEBUG | CREATE INDEX "tenant_session_tenant_id_64b79291" ON "tenant_session" ("tenant_id"); (params ())
2022-06-26 00:01:17 DEBUG | CREATE INDEX "tenant_session_user_id_20d6f18a" ON "tenant_session" ("user_id"); (params ())
2022-06-26 00:01:17 DEBUG | CREATE INDEX "label_association_ticket_id_964f02c6" ON "label_association" ("ticket_id"); (params ())
2022-06-26 00:01:17 DEBUG | CREATE INDEX "comment_association_ticket_id_fa435bb6" ON "comment_association" ("ticket_id"); (params ())
2022-06-26 00:01:17 DEBUG | ALTER TABLE "board_column_association" ADD CONSTRAINT "board_column_association_column_id_a26a2bb4_fk_board_column_id" FOREIGN KEY ("column_id") REFERENCES "board_column" ("id") DEFERRABLE INITIALLY DEFERRED; (params ())
2022-06-26 00:01:17 DEBUG | ALTER TABLE "board_column_association" ADD CONSTRAINT "board_column_association_status_id_f4edb0bc_fk_status_id" FOREIGN KEY ("status_id") REFERENCES "status" ("id") DEFERRABLE INITIALLY DEFERRED; (params ())
2022-06-26 00:01:17 DEBUG | CREATE INDEX "board_column_association_column_id_a26a2bb4" ON "board_column_association" ("column_id"); (params ())
2022-06-26 00:01:17 DEBUG | CREATE INDEX "board_column_association_status_id_f4edb0bc" ON "board_column_association" ("status_id"); (params ())
2022-06-26 00:01:17 DEBUG | ALTER TABLE "audit_log" ADD CONSTRAINT "audit_log_user_id_a1b3392d_fk_auth_user_id" FOREIGN KEY ("user_id") REFERENCES "auth_user" ("id") DEFERRABLE INITIALLY DEFERRED; (params ())
2022-06-26 00:01:17 DEBUG | CREATE INDEX "audit_log_user_id_a1b3392d" ON "audit_log" ("user_id"); (params ())
2022-06-26 00:01:17 DEBUG | CREATE INDEX "attachment_association_ticket_id_f9b3ae44" ON "attachment_association" ("ticket_id"); (params ())
2022-06-26 01:50:31 DEBUG | ALTER TABLE "audit_log" ADD COLUMN "content_object" integer NULL CHECK ("content_object" >= 0); (params [])
2022-06-26 01:50:31 DEBUG | ALTER TABLE "audit_log" ADD COLUMN "content_object_type" varchar(50) NULL; (params [])
2022-06-26 02:03:35 DEBUG | ALTER TABLE "audit_log" ADD COLUMN "operation" varchar(50) NULL; (params [])
2022-06-26 02:05:23 DEBUG | ALTER TABLE "audit_log" ALTER COLUMN "content_object_type" TYPE varchar(55); (params [])
2022-06-26 02:05:24 DEBUG | ALTER TABLE "audit_log" ALTER COLUMN "object_type" TYPE varchar(55); (params [])
2022-06-26 02:35:09 DEBUG | ALTER TABLE "audit_log" ADD COLUMN "field" varchar(50) NULL; (params [])
2022-06-26 02:35:09 DEBUG | ALTER TABLE "audit_log" ALTER COLUMN "message" DROP NOT NULL; (params [])
2022-06-26 03:06:18 DEBUG | ALTER TABLE "audit_log" RENAME COLUMN "field" TO "content_field"; (params ())
2022-06-26 03:06:18 DEBUG | ALTER TABLE "audit_log" RENAME COLUMN "content_object_type" TO "content_object_value"; (params ())
2022-06-26 03:06:18 DEBUG | ALTER TABLE "audit_log" RENAME COLUMN "object_type" TO "object_value"; (params ())
2022-06-26 03:06:18 DEBUG | ALTER TABLE "audit_log" ADD COLUMN "content_field_value" varchar(255) NULL; (params [])
2022-06-26 03:11:07 DEBUG | ALTER TABLE "audit_log" RENAME COLUMN "content_field" TO "content"; (params ())
2022-06-26 03:11:07 DEBUG | ALTER TABLE "audit_log" RENAME COLUMN "content_field_value" TO "content_value"; (params ())
2022-06-26 03:11:07 DEBUG | ALTER TABLE "audit_log" DROP COLUMN "content_object" CASCADE; (params ())
2022-06-26 03:11:07 DEBUG | ALTER TABLE "audit_log" DROP COLUMN "content_object_value" CASCADE; (params ())
2022-06-26 15:30:47 DEBUG | ALTER TABLE "audit_log" DROP COLUMN "content" CASCADE; (params ())
2022-06-26 15:30:47 DEBUG | ALTER TABLE "audit_log" DROP COLUMN "content_value" CASCADE; (params ())
2022-06-26 15:30:47 DEBUG | ALTER TABLE "audit_log" DROP COLUMN "created" CASCADE; (params ())
2022-06-26 15:30:47 DEBUG | ALTER TABLE "audit_log" DROP COLUMN "ip_address" CASCADE; (params ())
2022-06-26 15:30:47 DEBUG | ALTER TABLE "audit_log" DROP COLUMN "message" CASCADE; (params ())
2022-06-26 15:30:47 DEBUG | ALTER TABLE "audit_log" DROP COLUMN "object" CASCADE; (params ())
2022-06-26 15:30:47 DEBUG | ALTER TABLE "audit_log" DROP COLUMN "object_value" CASCADE; (params ())
2022-06-26 15:30:47 DEBUG | ALTER TABLE "audit_log" DROP COLUMN "operation" CASCADE; (params ())
2022-06-26 15:30:47 DEBUG | ALTER TABLE "audit_log" DROP COLUMN "session" CASCADE; (params ())
2022-06-26 15:30:47 DEBUG | ALTER TABLE "audit_log" DROP COLUMN "url" CASCADE; (params ())
2022-06-26 15:30:47 DEBUG | SET CONSTRAINTS "audit_log_user_id_a1b3392d_fk_auth_user_id" IMMEDIATE; ALTER TABLE "audit_log" DROP CONSTRAINT "audit_log_user_id_a1b3392d_fk_auth_user_id"; (params ())
2022-06-26 15:30:47 DEBUG | ALTER TABLE "audit_log" DROP COLUMN "user_id" CASCADE; (params ())
2022-06-26 15:34:19 DEBUG | ALTER TABLE "audit_log" ADD COLUMN "object" integer NULL CHECK ("object" >= 0); (params [])
2022-06-26 15:34:19 DEBUG | ALTER TABLE "audit_log" ADD COLUMN "object_value" varchar(55) NULL; (params [])
2022-06-26 15:34:19 DEBUG | ALTER TABLE "audit_log" ADD COLUMN "content" varchar(50) NULL; (params [])
2022-06-26 15:34:19 DEBUG | ALTER TABLE "audit_log" ADD COLUMN "content_value" varchar(255) NULL; (params [])
2022-06-26 15:34:19 DEBUG | ALTER TABLE "audit_log" ADD COLUMN "operation" varchar(50) NULL; (params [])
2022-06-26 15:34:19 DEBUG | ALTER TABLE "audit_log" ADD COLUMN "user_id" integer NULL CONSTRAINT "audit_log_user_id_a1b3392d_fk_auth_user_id" REFERENCES "auth_user"("id") DEFERRABLE INITIALLY DEFERRED; SET CONSTRAINTS "audit_log_user_id_a1b3392d_fk_auth_user_id" IMMEDIATE; (params [])
2022-06-26 15:34:19 DEBUG | ALTER TABLE "audit_log" ADD COLUMN "ip_address" inet NULL; (params [])
2022-06-26 15:34:19 DEBUG | ALTER TABLE "audit_log" ADD COLUMN "url" varchar(200) NULL; (params [])
2022-06-26 15:34:19 DEBUG | ALTER TABLE "audit_log" ADD COLUMN "message" text NULL; (params [])
2022-06-26 15:34:19 DEBUG | ALTER TABLE "audit_log" ADD COLUMN "session" varchar(500) NULL; (params [])
2022-06-26 15:34:19 DEBUG | ALTER TABLE "audit_log" ADD COLUMN "created" timestamp with time zone DEFAULT %s NULL; (params [datetime.datetime(2022, 6, 26, 13, 34, 19, 259548, tzinfo=<UTC>)])
2022-06-26 15:34:19 DEBUG | ALTER TABLE "audit_log" ALTER COLUMN "created" DROP DEFAULT; (params [])
2022-06-26 15:34:19 DEBUG | CREATE INDEX "audit_log_user_id_a1b3392d" ON "audit_log" ("user_id"); (params ())
2022-06-26 15:42:03 DEBUG | ALTER TABLE "audit_log" DROP CONSTRAINT "audit_log_object_check"; (params ())
2022-06-26 15:42:03 DEBUG | ALTER TABLE "audit_log" ALTER COLUMN "object" TYPE varchar(55) USING "object"::varchar(55); (params [])
2022-06-26 15:42:04 DEBUG | ALTER TABLE "audit_log" ALTER COLUMN "object_value" TYPE integer USING "object_value"::integer; (params [])
2022-06-26 15:42:04 DEBUG | ALTER TABLE "audit_log" ADD CONSTRAINT "audit_log_object_value_b193e569_check" CHECK ("object_value" >= 0); (params ())
